/Volumes/Data/workspaces/monsys/stub$ ./ts
2013-08-21_15:08:44|I|zclient.cc|ZClient::init(): 0x7fc684004200
2013-08-21_15:08:44|I|zclient.cc|Waiting for response: 0x7fc684004200
2013-08-21_15:08:44|D|main.cc|current 1 clients
2013-08-21_15:08:44|I|zclient.cc|ZClient::init(): 0x7fc68400c600
2013-08-21_15:08:44|I|zclient.cc|Waiting for response: 0x7fc68400c600
2013-08-21_15:08:44|D|main.cc|current 2 clients
2013-08-21_15:08:44|I|zclient.cc|ZClient::init(): 0x7fc68400cc00
2013-08-21_15:08:44|I|zclient.cc|Waiting for response: 0x7fc68400cc00
2013-08-21_15:08:44|D|main.cc|current 3 clients
2013-08-21_15:08:44|I|zclient.cc|ZClient::init(): 0x7fc68400d200
2013-08-21_15:08:44|I|zclient.cc|Waiting for response: 0x7fc68400d200
2013-08-21_15:08:44|D|main.cc|current 4 clients
2013-08-21_15:08:44|I|zclient.cc|ZClient::init(): 0x7fc68400d800
2013-08-21_15:08:44|I|zclient.cc|Waiting for response: 0x7fc68400d800
2013-08-21_15:08:44|D|main.cc|current 5 clients
2013-08-21_15:08:44|I|zclient.cc|ZClient::init(): 0x7fc68400de00
2013-08-21_15:08:44|I|zclient.cc|Waiting for response: 0x7fc68400de00
2013-08-21_15:08:44|D|main.cc|current 6 clients
2013-08-21_15:08:44|I|zclient.cc|ZClient::init(): 0x7fc68400e400
2013-08-21_15:08:44|I|zclient.cc|Waiting for response: 0x7fc68400e400
2013-08-21_15:08:44|D|main.cc|current 7 clients
2013-08-21_15:08:44|I|zclient.cc|ZClient::init(): 0x7fc68400ea00
2013-08-21_15:08:44|I|zclient.cc|Waiting for response: 0x7fc68400ea00
2013-08-21_15:08:44|D|main.cc|current 8 clients
2013-08-21_15:08:44|I|zclient.cc|ZClient::init(): 0x7fc68400f000
2013-08-21_15:08:44|I|zclient.cc|Waiting for response: 0x7fc68400f000
2013-08-21_15:08:44|D|main.cc|current 9 clients
2013-08-21_15:08:44|I|zclient.cc|ZClient::init(): 0x7fc68400f600
2013-08-21_15:08:44|I|zclient.cc|Waiting for response: 0x7fc68400f600
2013-08-21_15:08:44|D|main.cc|current 10 clients
2013-08-21_15:08:44|I|zclient.cc|ZClient::init(): 0x7fc68400fc00
2013-08-21_15:08:44|I|zclient.cc|Waiting for response: 0x7fc68400fc00
2013-08-21_15:08:44|D|main.cc|current 11 clients
2013-08-21_15:08:44|I|zclient.cc|ZClient::init(): 0x7fc684010200
2013-08-21_15:08:44|I|zclient.cc|Waiting for response: 0x7fc684010200
2013-08-21_15:08:44|D|main.cc|current 12 clients
2013-08-21_15:08:44|I|zclient.cc|ZClient::init(): 0x7fc684010800
2013-08-21_15:08:44|I|zclient.cc|Waiting for response: 0x7fc684010800
2013-08-21_15:08:44|D|main.cc|current 13 clients
2013-08-21_15:08:44|I|zclient.cc|ZClient::init(): 0x7fc684010e00
2013-08-21_15:08:44|I|zclient.cc|Waiting for response: 0x7fc684010e00
2013-08-21_15:08:44|D|main.cc|current 14 clients
2013-08-21_15:08:44|I|zclient.cc|ZClient::init(): 0x7fc684011400
2013-08-21_15:08:44|I|zclient.cc|Waiting for response: 0x7fc684011400
2013-08-21_15:08:44|D|main.cc|current 15 clients
2013-08-21_15:08:44|I|zclient.cc|ZClient::init(): 0x7fc684011a00
2013-08-21_15:08:44|I|zclient.cc|Waiting for response: 0x7fc684011a00
2013-08-21_15:08:44|D|main.cc|current 16 clients
2013-08-21_15:08:44|I|zclient.cc|ZClient::init(): 0x7fc684012000
2013-08-21_15:08:44|I|zclient.cc|Waiting for response: 0x7fc684012000
2013-08-21_15:08:44|D|main.cc|current 17 clients
2013-08-21_15:08:44|I|zclient.cc|ZClient::init(): 0x7fc684012600
2013-08-21_15:08:44|I|zclient.cc|Waiting for response: 0x7fc684012600
2013-08-21_15:08:44|D|main.cc|current 18 clients
2013-08-21_15:08:44|I|zclient.cc|ZClient::init(): 0x7fc684012c00
2013-08-21_15:08:44|I|zclient.cc|Waiting for response: 0x7fc684012c00
2013-08-21_15:08:44|D|main.cc|current 19 clients
2013-08-21_15:08:44|I|zclient.cc|ZClient::init(): 0x7fc684013200
2013-08-21_15:08:44|I|zclient.cc|Waiting for response: 0x7fc684013200
2013-08-21_15:08:44|D|main.cc|current 20 clients
2013-08-21_15:08:44|I|zclient.cc|ZClient::init(): 0x7fc684013800
2013-08-21_15:08:44|I|zclient.cc|Waiting for response: 0x7fc684013800
2013-08-21_15:08:44|D|main.cc|current 21 clients
2013-08-21_15:08:44|I|zclient.cc|ZClient::init(): 0x7fc684013e00
2013-08-21_15:08:44|I|zclient.cc|Waiting for response: 0x7fc684013e00
2013-08-21_15:08:44|D|main.cc|current 22 clients
2013-08-21_15:08:44|I|zclient.cc|ZClient::init(): 0x7fc684014400
2013-08-21_15:08:44|I|zclient.cc|Waiting for response: 0x7fc684014400
2013-08-21_15:08:44|D|main.cc|current 23 clients
2013-08-21_15:08:44|I|zclient.cc|ZClient::init(): 0x7fc684014a00
2013-08-21_15:08:44|I|zclient.cc|Waiting for response: 0x7fc684014a00
2013-08-21_15:08:44|D|main.cc|current 24 clients
2013-08-21_15:08:44|I|zclient.cc|ZClient::init(): 0x7fc684015000
2013-08-21_15:08:44|I|zclient.cc|Waiting for response: 0x7fc684015000
2013-08-21_15:08:44|D|main.cc|current 25 clients
2013-08-21_15:08:44|I|zclient.cc|ZClient::init(): 0x7fc684015600
2013-08-21_15:08:44|I|zclient.cc|Waiting for response: 0x7fc684015600
2013-08-21_15:08:44|D|main.cc|current 26 clients
2013-08-21_15:08:44|I|zclient.cc|ZClient::init(): 0x7fc684015c00
2013-08-21_15:08:44|I|zclient.cc|Waiting for response: 0x7fc684015c00
2013-08-21_15:08:44|D|main.cc|current 27 clients
2013-08-21_15:08:44|I|zclient.cc|ZClient::init(): 0x7fc684016200
2013-08-21_15:08:44|I|zclient.cc|Waiting for response: 0x7fc684016200
2013-08-21_15:08:44|D|main.cc|current 28 clients
2013-08-21_15:08:44|I|zclient.cc|ZClient::init(): 0x7fc684016800
2013-08-21_15:08:44|I|zclient.cc|Waiting for response: 0x7fc684016800
2013-08-21_15:08:44|D|main.cc|current 29 clients
2013-08-21_15:08:44|I|zclient.cc|ZClient::init(): 0x7fc684016e00
2013-08-21_15:08:44|I|zclient.cc|Waiting for response: 0x7fc684016e00
2013-08-21_15:08:44|D|main.cc|current 30 clients
2013-08-21_15:08:44|I|zclient.cc|ZClient::init(): 0x7fc684017400
2013-08-21_15:08:44|I|zclient.cc|Waiting for response: 0x7fc684017400
2013-08-21_15:08:44|D|main.cc|current 31 clients
2013-08-21_15:08:44|I|zclient.cc|ZClient::init(): 0x7fc684017a00
2013-08-21_15:08:44|I|zclient.cc|Waiting for response: 0x7fc684017a00
2013-08-21_15:08:44|D|main.cc|current 32 clients
2013-08-21_15:08:44|I|zclient.cc|ZClient::init(): 0x7fc684018000
2013-08-21_15:08:44|I|zclient.cc|Waiting for response: 0x7fc684018000
2013-08-21_15:08:44|D|main.cc|current 33 clients
2013-08-21_15:08:44|I|zclient.cc|ZClient::init(): 0x7fc684018600
2013-08-21_15:08:44|I|zclient.cc|Waiting for response: 0x7fc684018600
2013-08-21_15:08:44|D|main.cc|current 34 clients
2013-08-21_15:08:44|I|zclient.cc|ZClient::init(): 0x7fc684018c00
2013-08-21_15:08:44|I|zclient.cc|Waiting for response: 0x7fc684018c00
2013-08-21_15:08:44|D|main.cc|current 35 clients
2013-08-21_15:08:44|I|zclient.cc|ZClient::init(): 0x7fc684019200
2013-08-21_15:08:44|I|zclient.cc|Waiting for response: 0x7fc684019200
2013-08-21_15:08:44|D|main.cc|current 36 clients
2013-08-21_15:08:44|I|zclient.cc|ZClient::init(): 0x7fc684019800
2013-08-21_15:08:44|I|zclient.cc|Waiting for response: 0x7fc684019800
2013-08-21_15:08:44|D|main.cc|current 37 clients
2013-08-21_15:08:44|I|zclient.cc|ZClient::init(): 0x7fc684019e00
2013-08-21_15:08:44|I|zclient.cc|Waiting for response: 0x7fc684019e00
2013-08-21_15:08:44|D|main.cc|current 38 clients
2013-08-21_15:08:44|I|zclient.cc|ZClient::init(): 0x7fc68401a400
2013-08-21_15:08:44|I|zclient.cc|Waiting for response: 0x7fc68401a400
2013-08-21_15:08:44|D|main.cc|current 39 clients
2013-08-21_15:08:44|I|zclient.cc|ZClient::init(): 0x7fc68401aa00
2013-08-21_15:08:44|I|zclient.cc|Waiting for response: 0x7fc68401aa00
2013-08-21_15:08:44|D|main.cc|current 40 clients
2013-08-21_15:08:44|I|zclient.cc|ZClient::init(): 0x7fc68401b000
2013-08-21_15:08:44|I|zclient.cc|Waiting for response: 0x7fc68401b000
2013-08-21_15:08:44|D|main.cc|current 41 clients
2013-08-21_15:08:44|I|zclient.cc|ZClient::init(): 0x7fc68401b600
2013-08-21_15:08:44|I|zclient.cc|Waiting for response: 0x7fc68401b600
2013-08-21_15:08:44|D|main.cc|current 42 clients
2013-08-21_15:08:44|I|zclient.cc|ZClient::init(): 0x7fc68401bc00
2013-08-21_15:08:44|I|zclient.cc|Waiting for response: 0x7fc68401bc00
2013-08-21_15:08:44|D|main.cc|current 43 clients
2013-08-21_15:08:44|I|zclient.cc|ZClient::init(): 0x7fc68401c200
2013-08-21_15:08:44|I|zclient.cc|Waiting for response: 0x7fc68401c200
2013-08-21_15:08:44|D|main.cc|current 44 clients
2013-08-21_15:08:44|I|zclient.cc|ZClient::init(): 0x7fc68401c800
2013-08-21_15:08:44|I|zclient.cc|Waiting for response: 0x7fc68401c800
2013-08-21_15:08:44|D|main.cc|current 45 clients
2013-08-21_15:08:44|I|zclient.cc|ZClient::init(): 0x7fc68401ce00
2013-08-21_15:08:44|I|zclient.cc|Waiting for response: 0x7fc68401ce00
2013-08-21_15:08:44|D|main.cc|current 46 clients
2013-08-21_15:08:44|I|zclient.cc|ZClient::init(): 0x7fc68401d400
2013-08-21_15:08:44|I|zclient.cc|Waiting for response: 0x7fc68401d400
2013-08-21_15:08:44|D|main.cc|current 47 clients
2013-08-21_15:08:44|I|zclient.cc|ZClient::init(): 0x7fc68401da00
2013-08-21_15:08:44|I|zclient.cc|Waiting for response: 0x7fc68401da00
2013-08-21_15:08:44|D|main.cc|current 48 clients
2013-08-21_15:08:44|I|zclient.cc|ZClient::init(): 0x7fc68401e000
2013-08-21_15:08:44|I|zclient.cc|Waiting for response: 0x7fc68401e000
2013-08-21_15:08:44|D|main.cc|current 49 clients
2013-08-21_15:08:44|I|zclient.cc|ZClient::init(): 0x7fc68401e600
2013-08-21_15:08:44|I|zclient.cc|Waiting for response: 0x7fc68401e600
2013-08-21_15:08:44|D|main.cc|current 50 clients
2013-08-21_15:08:44|I|zclient.cc|ZClient::init(): 0x7fc68401ec00
2013-08-21_15:08:44|I|zclient.cc|Waiting for response: 0x7fc68401ec00
2013-08-21_15:08:44|D|main.cc|current 51 clients
2013-08-21_15:08:44|I|zclient.cc|ZClient::init(): 0x7fc68401f200
2013-08-21_15:08:44|I|zclient.cc|Waiting for response: 0x7fc68401f200
2013-08-21_15:08:44|D|main.cc|current 52 clients
2013-08-21_15:08:44|I|zclient.cc|ZClient::init(): 0x7fc68401f800
2013-08-21_15:08:44|I|zclient.cc|Waiting for response: 0x7fc68401f800
2013-08-21_15:08:44|D|main.cc|current 53 clients
2013-08-21_15:08:44|I|zclient.cc|ZClient::init(): 0x7fc68401fe00
2013-08-21_15:08:44|I|zclient.cc|Waiting for response: 0x7fc68401fe00
2013-08-21_15:08:44|D|main.cc|current 54 clients
2013-08-21_15:08:44|I|zclient.cc|ZClient::init(): 0x7fc684020400
2013-08-21_15:08:44|I|zclient.cc|Waiting for response: 0x7fc684020400
2013-08-21_15:08:44|D|main.cc|current 55 clients
2013-08-21_15:08:44|I|zclient.cc|ZClient::init(): 0x7fc684020a00
2013-08-21_15:08:44|I|zclient.cc|Waiting for response: 0x7fc684020a00
2013-08-21_15:08:44|D|main.cc|current 56 clients
2013-08-21_15:08:44|I|zclient.cc|ZClient::init(): 0x7fc684021000
2013-08-21_15:08:44|I|zclient.cc|Waiting for response: 0x7fc684021000
2013-08-21_15:08:44|D|main.cc|current 57 clients
2013-08-21_15:08:44|I|zclient.cc|ZClient::init(): 0x7fc684021600
2013-08-21_15:08:44|I|zclient.cc|Waiting for response: 0x7fc684021600
2013-08-21_15:08:44|D|main.cc|current 58 clients
2013-08-21_15:08:44|I|zclient.cc|ZClient::init(): 0x7fc684021c00
2013-08-21_15:08:44|I|zclient.cc|Waiting for response: 0x7fc684021c00
2013-08-21_15:08:44|D|main.cc|current 59 clients
2013-08-21_15:08:44|I|zclient.cc|ZClient::init(): 0x7fc684022200
2013-08-21_15:08:44|I|zclient.cc|Waiting for response: 0x7fc684022200
2013-08-21_15:08:44|D|main.cc|current 60 clients
2013-08-21_15:08:44|I|zclient.cc|ZClient::init(): 0x7fc684022800
2013-08-21_15:08:44|I|zclient.cc|Waiting for response: 0x7fc684022800
2013-08-21_15:08:44|D|main.cc|current 61 clients
2013-08-21_15:08:44|I|zclient.cc|ZClient::init(): 0x7fc684023200
2013-08-21_15:08:44|I|zclient.cc|Waiting for response: 0x7fc684023200
2013-08-21_15:08:44|D|main.cc|current 62 clients
2013-08-21_15:08:44|I|zclient.cc|ZClient::init(): 0x7fc684023800
2013-08-21_15:08:44|I|zclient.cc|Waiting for response: 0x7fc684023800
2013-08-21_15:08:44|D|main.cc|current 63 clients
2013-08-21_15:08:44|I|zclient.cc|ZClient::init(): 0x7fc684023e00
2013-08-21_15:08:44|I|zclient.cc|Waiting for response: 0x7fc684023e00
2013-08-21_15:08:44|D|main.cc|current 64 clients
2013-08-21_15:08:44|I|zclient.cc|ZClient::init(): 0x7fc684024400
2013-08-21_15:08:44|I|zclient.cc|Waiting for response: 0x7fc684024400
2013-08-21_15:08:44|D|main.cc|current 65 clients
2013-08-21_15:08:44|I|zclient.cc|ZClient::init(): 0x7fc684025600
2013-08-21_15:08:44|I|zclient.cc|Waiting for response: 0x7fc684025600
2013-08-21_15:08:44|D|main.cc|current 66 clients
2013-08-21_15:08:44|I|zclient.cc|ZClient::init(): 0x7fc684025c00
2013-08-21_15:08:44|I|zclient.cc|Waiting for response: 0x7fc684025c00
2013-08-21_15:08:44|D|main.cc|current 67 clients
2013-08-21_15:08:44|I|zclient.cc|ZClient::init(): 0x7fc684026200
2013-08-21_15:08:44|I|zclient.cc|Waiting for response: 0x7fc684026200
2013-08-21_15:08:44|D|main.cc|current 68 clients
2013-08-21_15:08:44|I|zclient.cc|ZClient::init(): 0x7fc684026800
2013-08-21_15:08:44|I|zclient.cc|Waiting for response: 0x7fc684026800
2013-08-21_15:08:44|D|main.cc|current 69 clients
2013-08-21_15:08:44|I|zclient.cc|ZClient::init(): 0x7fc684026e00
2013-08-21_15:08:44|I|zclient.cc|Waiting for response: 0x7fc684026e00
2013-08-21_15:08:44|D|main.cc|current 70 clients
2013-08-21_15:08:44|I|zclient.cc|ZClient::init(): 0x7fc684027400
2013-08-21_15:08:44|I|zclient.cc|Waiting for response: 0x7fc684027400
2013-08-21_15:08:44|D|main.cc|current 71 clients
2013-08-21_15:08:44|I|zclient.cc|ZClient::init(): 0x7fc684027a00
2013-08-21_15:08:44|I|zclient.cc|Waiting for response: 0x7fc684027a00
2013-08-21_15:08:44|D|main.cc|current 72 clients
2013-08-21_15:08:44|I|zclient.cc|ZClient::init(): 0x7fc684028000
2013-08-21_15:08:44|I|zclient.cc|Waiting for response: 0x7fc684028000
2013-08-21_15:08:44|D|main.cc|current 73 clients
2013-08-21_15:08:44|I|zclient.cc|ZClient::init(): 0x7fc684028600
2013-08-21_15:08:44|I|zclient.cc|Waiting for response: 0x7fc684028600
2013-08-21_15:08:44|D|main.cc|current 74 clients
2013-08-21_15:08:44|I|zclient.cc|ZClient::init(): 0x7fc684028c00
2013-08-21_15:08:44|I|zclient.cc|Waiting for response: 0x7fc684028c00
2013-08-21_15:08:44|D|main.cc|current 75 clients
2013-08-21_15:08:44|I|zclient.cc|ZClient::init(): 0x7fc684029200
2013-08-21_15:08:44|I|zclient.cc|Waiting for response: 0x7fc684029200
2013-08-21_15:08:44|D|main.cc|current 76 clients
2013-08-21_15:08:44|I|zclient.cc|ZClient::init(): 0x7fc684029800
2013-08-21_15:08:44|I|zclient.cc|Waiting for response: 0x7fc684029800
2013-08-21_15:08:44|D|main.cc|current 77 clients
2013-08-21_15:08:44|I|zclient.cc|ZClient::init(): 0x7fc684029e00
2013-08-21_15:08:44|I|zclient.cc|Waiting for response: 0x7fc684029e00
2013-08-21_15:08:44|D|main.cc|current 78 clients
2013-08-21_15:08:44|I|zclient.cc|ZClient::init(): 0x7fc68402a400
2013-08-21_15:08:44|I|zclient.cc|Waiting for response: 0x7fc68402a400
2013-08-21_15:08:44|D|main.cc|current 79 clients
2013-08-21_15:08:44|I|zclient.cc|ZClient::init(): 0x7fc68402aa00
2013-08-21_15:08:44|I|zclient.cc|Waiting for response: 0x7fc68402aa00
2013-08-21_15:08:44|D|main.cc|current 80 clients
2013-08-21_15:08:44|I|zclient.cc|ZClient::init(): 0x7fc68402b000
2013-08-21_15:08:44|I|zclient.cc|Waiting for response: 0x7fc68402b000
2013-08-21_15:08:44|D|main.cc|current 81 clients
2013-08-21_15:08:44|I|zclient.cc|ZClient::init(): 0x7fc68402b600
2013-08-21_15:08:44|I|zclient.cc|Waiting for response: 0x7fc68402b600
2013-08-21_15:08:44|D|main.cc|current 82 clients
2013-08-21_15:08:44|I|zclient.cc|ZClient::init(): 0x7fc68402bc00
2013-08-21_15:08:44|I|zclient.cc|Waiting for response: 0x7fc68402bc00
2013-08-21_15:08:44|D|main.cc|current 83 clients
2013-08-21_15:08:44|I|zclient.cc|ZClient::init(): 0x7fc68402c200
2013-08-21_15:08:44|I|zclient.cc|Waiting for response: 0x7fc68402c200
2013-08-21_15:08:44|D|main.cc|current 84 clients
2013-08-21_15:08:44|I|zclient.cc|ZClient::init(): 0x7fc68402c800
2013-08-21_15:08:44|I|zclient.cc|Waiting for response: 0x7fc68402c800
2013-08-21_15:08:44|D|main.cc|current 85 clients
2013-08-21_15:08:44|I|zclient.cc|ZClient::init(): 0x7fc68402ce00
2013-08-21_15:08:44|I|zclient.cc|Waiting for response: 0x7fc68402ce00
2013-08-21_15:08:44|D|main.cc|current 86 clients
2013-08-21_15:08:44|I|zclient.cc|ZClient::init(): 0x7fc68402d400
2013-08-21_15:08:44|I|zclient.cc|Waiting for response: 0x7fc68402d400
2013-08-21_15:08:44|D|main.cc|current 87 clients
2013-08-21_15:08:44|I|zclient.cc|ZClient::init(): 0x7fc68402da00
2013-08-21_15:08:44|I|zclient.cc|Waiting for response: 0x7fc68402da00
2013-08-21_15:08:44|D|main.cc|current 88 clients
2013-08-21_15:08:44|I|zclient.cc|ZClient::init(): 0x7fc68402e000
2013-08-21_15:08:44|I|zclient.cc|Waiting for response: 0x7fc68402e000
2013-08-21_15:08:44|D|main.cc|current 89 clients
2013-08-21_15:08:44|I|zclient.cc|ZClient::init(): 0x7fc68402e600
2013-08-21_15:08:44|I|zclient.cc|Waiting for response: 0x7fc68402e600
2013-08-21_15:08:44|D|main.cc|current 90 clients
2013-08-21_15:08:44|I|zclient.cc|ZClient::init(): 0x7fc68402ec00
2013-08-21_15:08:44|I|zclient.cc|Waiting for response: 0x7fc68402ec00
2013-08-21_15:08:44|D|main.cc|current 91 clients
2013-08-21_15:08:44|I|zclient.cc|ZClient::init(): 0x7fc68402f200
2013-08-21_15:08:44|I|zclient.cc|Waiting for response: 0x7fc68402f200
2013-08-21_15:08:44|D|main.cc|current 92 clients
2013-08-21_15:08:44|I|zclient.cc|ZClient::init(): 0x7fc68402f800
2013-08-21_15:08:44|I|zclient.cc|Waiting for response: 0x7fc68402f800
2013-08-21_15:08:44|D|main.cc|current 93 clients
2013-08-21_15:08:44|I|zclient.cc|ZClient::init(): 0x7fc68402fe00
2013-08-21_15:08:44|I|zclient.cc|Waiting for response: 0x7fc68402fe00
2013-08-21_15:08:44|D|main.cc|current 94 clients
2013-08-21_15:08:44|I|zclient.cc|ZClient::init(): 0x7fc684030400
2013-08-21_15:08:44|I|zclient.cc|Waiting for response: 0x7fc684030400
2013-08-21_15:08:44|D|main.cc|current 95 clients
2013-08-21_15:08:44|I|zclient.cc|ZClient::init(): 0x7fc684030a00
2013-08-21_15:08:44|I|zclient.cc|Waiting for response: 0x7fc684030a00
2013-08-21_15:08:44|D|main.cc|current 96 clients
2013-08-21_15:08:44|I|zclient.cc|ZClient::init(): 0x7fc684031000
2013-08-21_15:08:44|I|zclient.cc|Waiting for response: 0x7fc684031000
2013-08-21_15:08:44|D|main.cc|current 97 clients
2013-08-21_15:08:44|I|zclient.cc|ZClient::init(): 0x7fc684031600
2013-08-21_15:08:44|I|zclient.cc|Waiting for response: 0x7fc684031600
2013-08-21_15:08:44|D|main.cc|current 98 clients
2013-08-21_15:08:44|I|zclient.cc|ZClient::init(): 0x7fc684031c00
2013-08-21_15:08:44|I|zclient.cc|Waiting for response: 0x7fc684031c00
2013-08-21_15:08:44|D|main.cc|current 99 clients
2013-08-21_15:08:44|I|zclient.cc|ZClient::init(): 0x7fc684032200
2013-08-21_15:08:44|I|zclient.cc|Waiting for response: 0x7fc684032200
2013-08-21_15:08:44|D|main.cc|current 100 clients
2013-08-21_15:08:44|I|zclient.cc|ZClient::init(): 0x7fc684032800
2013-08-21_15:08:44|I|zclient.cc|Waiting for response: 0x7fc684032800
2013-08-21_15:08:44|D|main.cc|current 101 clients
2013-08-21_15:08:44|I|zclient.cc|ZClient::init(): 0x7fc684032e00
2013-08-21_15:08:44|I|zclient.cc|Waiting for response: 0x7fc684032e00
2013-08-21_15:08:44|D|main.cc|current 102 clients
2013-08-21_15:08:44|I|zclient.cc|ZClient::init(): 0x7fc684033400
2013-08-21_15:08:44|I|zclient.cc|Waiting for response: 0x7fc684033400
2013-08-21_15:08:44|D|main.cc|current 103 clients
2013-08-21_15:08:44|I|zclient.cc|ZClient::init(): 0x7fc684033a00
2013-08-21_15:08:44|I|zclient.cc|Waiting for response: 0x7fc684033a00
2013-08-21_15:08:44|D|main.cc|current 104 clients
2013-08-21_15:08:44|I|zclient.cc|ZClient::init(): 0x7fc684034000
2013-08-21_15:08:44|I|zclient.cc|Waiting for response: 0x7fc684034000
2013-08-21_15:08:44|D|main.cc|current 105 clients
2013-08-21_15:08:44|I|zclient.cc|ZClient::init(): 0x7fc684034600
2013-08-21_15:08:44|I|zclient.cc|Waiting for response: 0x7fc684034600
2013-08-21_15:08:44|D|main.cc|current 106 clients
2013-08-21_15:08:44|I|zclient.cc|ZClient::init(): 0x7fc684034c00
2013-08-21_15:08:44|I|zclient.cc|Waiting for response: 0x7fc684034c00
2013-08-21_15:08:44|D|main.cc|current 107 clients
2013-08-21_15:08:44|I|zclient.cc|ZClient::init(): 0x7fc684035200
2013-08-21_15:08:44|I|zclient.cc|Waiting for response: 0x7fc684035200
2013-08-21_15:08:44|D|main.cc|current 108 clients
2013-08-21_15:08:44|I|zclient.cc|ZClient::init(): 0x7fc684035800
2013-08-21_15:08:44|I|zclient.cc|Waiting for response: 0x7fc684035800
2013-08-21_15:08:44|D|main.cc|current 109 clients
2013-08-21_15:08:44|I|zclient.cc|ZClient::init(): 0x7fc684035e00
2013-08-21_15:08:44|I|zclient.cc|Waiting for response: 0x7fc684035e00
2013-08-21_15:08:44|D|main.cc|current 110 clients
2013-08-21_15:08:44|I|zclient.cc|ZClient::init(): 0x7fc684036400
2013-08-21_15:08:44|I|zclient.cc|Waiting for response: 0x7fc684036400
2013-08-21_15:08:44|D|main.cc|current 111 clients
2013-08-21_15:08:44|I|zclient.cc|ZClient::init(): 0x7fc684036a00
2013-08-21_15:08:44|I|zclient.cc|Waiting for response: 0x7fc684036a00
2013-08-21_15:08:44|D|main.cc|current 112 clients
2013-08-21_15:08:44|I|zclient.cc|ZClient::init(): 0x7fc684037000
2013-08-21_15:08:44|I|zclient.cc|Waiting for response: 0x7fc684037000
2013-08-21_15:08:44|D|main.cc|current 113 clients
2013-08-21_15:08:44|I|zclient.cc|ZClient::init(): 0x7fc684037600
2013-08-21_15:08:44|I|zclient.cc|Waiting for response: 0x7fc684037600
2013-08-21_15:08:44|D|main.cc|current 114 clients
2013-08-21_15:08:44|I|zclient.cc|ZClient::init(): 0x7fc684037c00
2013-08-21_15:08:44|I|zclient.cc|Waiting for response: 0x7fc684037c00
2013-08-21_15:08:44|D|main.cc|current 115 clients
2013-08-21_15:08:44|I|zclient.cc|ZClient::init(): 0x7fc684038200
2013-08-21_15:08:44|I|zclient.cc|Waiting for response: 0x7fc684038200
2013-08-21_15:08:44|D|main.cc|current 116 clients
2013-08-21_15:08:44|I|zclient.cc|ZClient::init(): 0x7fc684038800
2013-08-21_15:08:44|I|zclient.cc|Waiting for response: 0x7fc684038800
2013-08-21_15:08:44|D|main.cc|current 117 clients
2013-08-21_15:08:44|I|zclient.cc|ZClient::init(): 0x7fc684038e00
2013-08-21_15:08:44|I|zclient.cc|Waiting for response: 0x7fc684038e00
2013-08-21_15:08:44|D|main.cc|current 118 clients
2013-08-21_15:08:44|I|zclient.cc|ZClient::init(): 0x7fc684039400
2013-08-21_15:08:44|I|zclient.cc|Waiting for response: 0x7fc684039400
2013-08-21_15:08:44|D|main.cc|current 119 clients
2013-08-21_15:08:44|I|zclient.cc|ZClient::init(): 0x7fc684039a00
2013-08-21_15:08:44|I|zclient.cc|Waiting for response: 0x7fc684039a00
2013-08-21_15:08:44|D|main.cc|current 120 clients
2013-08-21_15:08:44|I|zclient.cc|ZClient::init(): 0x7fc68403a000
2013-08-21_15:08:44|I|zclient.cc|Waiting for response: 0x7fc68403a000
2013-08-21_15:08:44|D|main.cc|current 121 clients
2013-08-21_15:08:44|I|zclient.cc|ZClient::init(): 0x7fc68403a600
2013-08-21_15:08:44|I|zclient.cc|Waiting for response: 0x7fc68403a600
2013-08-21_15:08:44|D|main.cc|current 122 clients
2013-08-21_15:08:44|I|zclient.cc|ZClient::init(): 0x7fc68403ac00
2013-08-21_15:08:44|I|zclient.cc|Waiting for response: 0x7fc68403ac00
2013-08-21_15:08:44|D|main.cc|current 123 clients
2013-08-21_15:08:44|I|zclient.cc|ZClient::init(): 0x7fc68403b200
2013-08-21_15:08:44|I|zclient.cc|Waiting for response: 0x7fc68403b200
2013-08-21_15:08:44|D|main.cc|current 124 clients
2013-08-21_15:08:44|I|zclient.cc|ZClient::init(): 0x7fc68403b800
2013-08-21_15:08:44|I|zclient.cc|Waiting for response: 0x7fc68403b800
2013-08-21_15:08:44|D|main.cc|current 125 clients
2013-08-21_15:08:44|I|zclient.cc|ZClient::init(): 0x7fc68403c600
2013-08-21_15:08:44|I|zclient.cc|Waiting for response: 0x7fc68403c600
2013-08-21_15:08:44|D|main.cc|current 126 clients
2013-08-21_15:08:44|I|zclient.cc|ZClient::init(): 0x7fc68403cc00
2013-08-21_15:08:44|I|zclient.cc|Waiting for response: 0x7fc68403cc00
2013-08-21_15:08:44|D|main.cc|current 127 clients
2013-08-21_15:08:44|I|zclient.cc|ZClient::init(): 0x7fc68403d200
2013-08-21_15:08:44|I|zclient.cc|Waiting for response: 0x7fc68403d200
2013-08-21_15:08:44|D|main.cc|current 128 clients
2013-08-21_15:08:44|I|zclient.cc|ZClient::init(): 0x7fc68403d800
2013-08-21_15:08:44|I|zclient.cc|Waiting for response: 0x7fc68403d800
2013-08-21_15:08:44|D|main.cc|current 129 clients
2013-08-21_15:08:44|I|zclient.cc|ZClient::init(): 0x7fc684024a00
2013-08-21_15:08:44|I|zclient.cc|Waiting for response: 0x7fc684024a00
2013-08-21_15:08:44|D|main.cc|current 130 clients
2013-08-21_15:08:44|I|zclient.cc|ZClient::init(): 0x7fc68403f600
2013-08-21_15:08:44|I|zclient.cc|Waiting for response: 0x7fc68403f600
2013-08-21_15:08:44|D|main.cc|current 131 clients
2013-08-21_15:08:44|I|zclient.cc|ZClient::init(): 0x7fc68403fc00
2013-08-21_15:08:44|I|zclient.cc|Waiting for response: 0x7fc68403fc00
2013-08-21_15:08:44|D|main.cc|current 132 clients
2013-08-21_15:08:44|I|zclient.cc|ZClient::init(): 0x7fc684040200
2013-08-21_15:08:44|I|zclient.cc|Waiting for response: 0x7fc684040200
2013-08-21_15:08:44|D|main.cc|current 133 clients
2013-08-21_15:08:44|I|zclient.cc|ZClient::init(): 0x7fc684040800
2013-08-21_15:08:44|I|zclient.cc|Waiting for response: 0x7fc684040800
2013-08-21_15:08:44|D|main.cc|current 134 clients
2013-08-21_15:08:44|I|zclient.cc|ZClient::init(): 0x7fc684040e00
2013-08-21_15:08:44|I|zclient.cc|Waiting for response: 0x7fc684040e00
2013-08-21_15:08:44|D|main.cc|current 135 clients
2013-08-21_15:08:44|I|zclient.cc|ZClient::init(): 0x7fc684041400
2013-08-21_15:08:44|I|zclient.cc|Waiting for response: 0x7fc684041400
2013-08-21_15:08:44|D|main.cc|current 136 clients
2013-08-21_15:08:44|I|zclient.cc|ZClient::init(): 0x7fc684041a00
2013-08-21_15:08:44|I|zclient.cc|Waiting for response: 0x7fc684041a00
2013-08-21_15:08:44|D|main.cc|current 137 clients
2013-08-21_15:08:44|I|zclient.cc|ZClient::init(): 0x7fc684042000
2013-08-21_15:08:44|I|zclient.cc|Waiting for response: 0x7fc684042000
2013-08-21_15:08:44|D|main.cc|current 138 clients
2013-08-21_15:08:44|I|zclient.cc|ZClient::init(): 0x7fc684042600
2013-08-21_15:08:44|I|zclient.cc|Waiting for response: 0x7fc684042600
2013-08-21_15:08:44|D|main.cc|current 139 clients
2013-08-21_15:08:44|I|zclient.cc|ZClient::init(): 0x7fc684042c00
2013-08-21_15:08:44|I|zclient.cc|Waiting for response: 0x7fc684042c00
2013-08-21_15:08:44|D|main.cc|current 140 clients
2013-08-21_15:08:44|I|zclient.cc|ZClient::init(): 0x7fc684043200
2013-08-21_15:08:44|I|zclient.cc|Waiting for response: 0x7fc684043200
2013-08-21_15:08:44|D|main.cc|current 141 clients
2013-08-21_15:08:44|I|zclient.cc|ZClient::init(): 0x7fc684043800
2013-08-21_15:08:44|I|zclient.cc|Waiting for response: 0x7fc684043800
2013-08-21_15:08:44|D|main.cc|current 142 clients
2013-08-21_15:08:44|I|zclient.cc|ZClient::init(): 0x7fc684043e00
2013-08-21_15:08:44|I|zclient.cc|Waiting for response: 0x7fc684043e00
2013-08-21_15:08:44|D|main.cc|current 143 clients
2013-08-21_15:08:44|I|zclient.cc|ZClient::init(): 0x7fc684044400
2013-08-21_15:08:44|I|zclient.cc|Waiting for response: 0x7fc684044400
2013-08-21_15:08:44|D|main.cc|current 144 clients
2013-08-21_15:08:44|I|zclient.cc|ZClient::init(): 0x7fc684044a00
2013-08-21_15:08:44|I|zclient.cc|Waiting for response: 0x7fc684044a00
2013-08-21_15:08:44|D|main.cc|current 145 clients
2013-08-21_15:08:44|I|zclient.cc|ZClient::init(): 0x7fc684045000
2013-08-21_15:08:44|I|zclient.cc|Waiting for response: 0x7fc684045000
2013-08-21_15:08:44|D|main.cc|current 146 clients
2013-08-21_15:08:44|I|zclient.cc|ZClient::init(): 0x7fc684045600
2013-08-21_15:08:44|I|zclient.cc|Waiting for response: 0x7fc684045600
2013-08-21_15:08:44|D|main.cc|current 147 clients
2013-08-21_15:08:44|I|zclient.cc|ZClient::init(): 0x7fc684045c00
2013-08-21_15:08:44|I|zclient.cc|Waiting for response: 0x7fc684045c00
2013-08-21_15:08:44|D|main.cc|current 148 clients
2013-08-21_15:08:44|I|zclient.cc|ZClient::init(): 0x7fc684046200
2013-08-21_15:08:44|I|zclient.cc|Waiting for response: 0x7fc684046200
2013-08-21_15:08:44|D|main.cc|current 149 clients
2013-08-21_15:08:44|I|zclient.cc|ZClient::init(): 0x7fc684046800
2013-08-21_15:08:44|I|zclient.cc|Waiting for response: 0x7fc684046800
2013-08-21_15:08:44|D|main.cc|current 150 clients
2013-08-21_15:08:44|I|zclient.cc|ZClient::init(): 0x7fc684046e00
2013-08-21_15:08:44|I|zclient.cc|Waiting for response: 0x7fc684046e00
2013-08-21_15:08:44|D|main.cc|current 151 clients
2013-08-21_15:08:44|I|zclient.cc|ZClient::init(): 0x7fc684047400
2013-08-21_15:08:44|I|zclient.cc|Waiting for response: 0x7fc684047400
2013-08-21_15:08:44|D|main.cc|current 152 clients
2013-08-21_15:08:44|I|zclient.cc|ZClient::init(): 0x7fc684047a00
2013-08-21_15:08:44|I|zclient.cc|Waiting for response: 0x7fc684047a00
2013-08-21_15:08:44|D|main.cc|current 153 clients
2013-08-21_15:08:44|I|zclient.cc|ZClient::init(): 0x7fc684048000
2013-08-21_15:08:44|I|zclient.cc|Waiting for response: 0x7fc684048000
2013-08-21_15:08:44|D|main.cc|current 154 clients
2013-08-21_15:08:44|I|zclient.cc|ZClient::init(): 0x7fc684048600
2013-08-21_15:08:44|I|zclient.cc|Waiting for response: 0x7fc684048600
2013-08-21_15:08:44|D|main.cc|current 155 clients
2013-08-21_15:08:44|I|zclient.cc|ZClient::init(): 0x7fc684048c00
2013-08-21_15:08:44|I|zclient.cc|Waiting for response: 0x7fc684048c00
2013-08-21_15:08:44|D|main.cc|current 156 clients
2013-08-21_15:08:44|I|zclient.cc|ZClient::init(): 0x7fc684049200
2013-08-21_15:08:44|I|zclient.cc|Waiting for response: 0x7fc684049200
2013-08-21_15:08:44|D|main.cc|current 157 clients
2013-08-21_15:08:44|I|zclient.cc|ZClient::init(): 0x7fc684049800
2013-08-21_15:08:44|I|zclient.cc|Waiting for response: 0x7fc684049800
2013-08-21_15:08:44|D|main.cc|current 158 clients
2013-08-21_15:08:44|I|zclient.cc|ZClient::init(): 0x7fc684049e00
2013-08-21_15:08:44|I|zclient.cc|Waiting for response: 0x7fc684049e00
2013-08-21_15:08:44|D|main.cc|current 159 clients
2013-08-21_15:08:44|I|zclient.cc|ZClient::init(): 0x7fc68404a400
2013-08-21_15:08:44|I|zclient.cc|Waiting for response: 0x7fc68404a400
2013-08-21_15:08:44|D|main.cc|current 160 clients
2013-08-21_15:08:44|I|zclient.cc|ZClient::init(): 0x7fc68404aa00
2013-08-21_15:08:44|I|zclient.cc|Waiting for response: 0x7fc68404aa00
2013-08-21_15:08:44|D|main.cc|current 161 clients
2013-08-21_15:08:44|I|zclient.cc|ZClient::init(): 0x7fc68404b000
2013-08-21_15:08:44|I|zclient.cc|Waiting for response: 0x7fc68404b000
2013-08-21_15:08:44|D|main.cc|current 162 clients
2013-08-21_15:08:44|I|zclient.cc|ZClient::init(): 0x7fc68404b600
2013-08-21_15:08:44|I|zclient.cc|Waiting for response: 0x7fc68404b600
2013-08-21_15:08:44|D|main.cc|current 163 clients
2013-08-21_15:08:44|I|zclient.cc|ZClient::init(): 0x7fc68404bc00
2013-08-21_15:08:44|I|zclient.cc|Waiting for response: 0x7fc68404bc00
2013-08-21_15:08:44|D|main.cc|current 164 clients
2013-08-21_15:08:44|I|zclient.cc|ZClient::init(): 0x7fc68404c200
2013-08-21_15:08:44|I|zclient.cc|Waiting for response: 0x7fc68404c200
2013-08-21_15:08:44|D|main.cc|current 165 clients
2013-08-21_15:08:44|I|zclient.cc|ZClient::init(): 0x7fc68404c800
2013-08-21_15:08:44|I|zclient.cc|Waiting for response: 0x7fc68404c800
2013-08-21_15:08:44|D|main.cc|current 166 clients
2013-08-21_15:08:44|I|zclient.cc|ZClient::init(): 0x7fc68404ce00
2013-08-21_15:08:44|I|zclient.cc|Waiting for response: 0x7fc68404ce00
2013-08-21_15:08:44|D|main.cc|current 167 clients
2013-08-21_15:08:44|I|zclient.cc|ZClient::init(): 0x7fc68404d400
2013-08-21_15:08:44|I|zclient.cc|Waiting for response: 0x7fc68404d400
2013-08-21_15:08:44|D|main.cc|current 168 clients
2013-08-21_15:08:44|I|zclient.cc|ZClient::init(): 0x7fc68404da00
2013-08-21_15:08:44|I|zclient.cc|Waiting for response: 0x7fc68404da00
2013-08-21_15:08:44|D|main.cc|current 169 clients
2013-08-21_15:08:44|I|zclient.cc|ZClient::init(): 0x7fc68404e000
2013-08-21_15:08:44|I|zclient.cc|Waiting for response: 0x7fc68404e000
2013-08-21_15:08:44|D|main.cc|current 170 clients
2013-08-21_15:08:44|I|zclient.cc|ZClient::init(): 0x7fc68404e600
2013-08-21_15:08:44|I|zclient.cc|Waiting for response: 0x7fc68404e600
2013-08-21_15:08:44|D|main.cc|current 171 clients
2013-08-21_15:08:44|I|zclient.cc|ZClient::init(): 0x7fc68404ec00
2013-08-21_15:08:44|I|zclient.cc|Waiting for response: 0x7fc68404ec00
2013-08-21_15:08:44|D|main.cc|current 172 clients
2013-08-21_15:08:44|I|zclient.cc|ZClient::init(): 0x7fc68404f200
2013-08-21_15:08:44|I|zclient.cc|Waiting for response: 0x7fc68404f200
2013-08-21_15:08:44|D|main.cc|current 173 clients
2013-08-21_15:08:44|I|zclient.cc|ZClient::init(): 0x7fc68404f800
2013-08-21_15:08:44|I|zclient.cc|Waiting for response: 0x7fc68404f800
2013-08-21_15:08:44|D|main.cc|current 174 clients
2013-08-21_15:08:44|I|zclient.cc|ZClient::init(): 0x7fc68404fe00
2013-08-21_15:08:44|I|zclient.cc|Waiting for response: 0x7fc68404fe00
2013-08-21_15:08:44|D|main.cc|current 175 clients
2013-08-21_15:08:44|I|zclient.cc|ZClient::init(): 0x7fc684050400
2013-08-21_15:08:44|I|zclient.cc|Waiting for response: 0x7fc684050400
2013-08-21_15:08:44|D|main.cc|current 176 clients
2013-08-21_15:08:44|I|zclient.cc|ZClient::init(): 0x7fc684050a00
2013-08-21_15:08:44|I|zclient.cc|Waiting for response: 0x7fc684050a00
2013-08-21_15:08:44|D|main.cc|current 177 clients
2013-08-21_15:08:44|I|zclient.cc|ZClient::init(): 0x7fc684051000
2013-08-21_15:08:44|I|zclient.cc|Waiting for response: 0x7fc684051000
2013-08-21_15:08:44|D|main.cc|current 178 clients
2013-08-21_15:08:44|I|zclient.cc|ZClient::init(): 0x7fc684051600
2013-08-21_15:08:44|I|zclient.cc|Waiting for response: 0x7fc684051600
2013-08-21_15:08:44|D|main.cc|current 179 clients
2013-08-21_15:08:44|I|zclient.cc|ZClient::init(): 0x7fc684051c00
2013-08-21_15:08:44|I|zclient.cc|Waiting for response: 0x7fc684051c00
2013-08-21_15:08:44|D|main.cc|current 180 clients
2013-08-21_15:08:44|I|zclient.cc|ZClient::init(): 0x7fc684052200
2013-08-21_15:08:44|I|zclient.cc|Waiting for response: 0x7fc684052200
2013-08-21_15:08:44|D|main.cc|current 181 clients
2013-08-21_15:08:44|I|zclient.cc|ZClient::init(): 0x7fc684052800
2013-08-21_15:08:44|I|zclient.cc|Waiting for response: 0x7fc684052800
2013-08-21_15:08:44|D|main.cc|current 182 clients
2013-08-21_15:08:44|I|zclient.cc|ZClient::init(): 0x7fc684052e00
2013-08-21_15:08:44|I|zclient.cc|Waiting for response: 0x7fc684052e00
2013-08-21_15:08:44|D|main.cc|current 183 clients
2013-08-21_15:08:44|I|zclient.cc|ZClient::init(): 0x7fc684053400
2013-08-21_15:08:44|I|zclient.cc|Waiting for response: 0x7fc684053400
2013-08-21_15:08:44|D|main.cc|current 184 clients
2013-08-21_15:08:44|I|zclient.cc|ZClient::init(): 0x7fc684053a00
2013-08-21_15:08:44|I|zclient.cc|Waiting for response: 0x7fc684053a00
2013-08-21_15:08:44|D|main.cc|current 185 clients
2013-08-21_15:08:44|I|zclient.cc|ZClient::init(): 0x7fc684054000
2013-08-21_15:08:44|I|zclient.cc|Waiting for response: 0x7fc684054000
2013-08-21_15:08:44|D|main.cc|current 186 clients
2013-08-21_15:08:44|I|zclient.cc|ZClient::init(): 0x7fc684054600
2013-08-21_15:08:44|I|zclient.cc|Waiting for response: 0x7fc684054600
2013-08-21_15:08:44|D|main.cc|current 187 clients
2013-08-21_15:08:44|I|zclient.cc|ZClient::init(): 0x7fc684054c00
2013-08-21_15:08:44|I|zclient.cc|Waiting for response: 0x7fc684054c00
2013-08-21_15:08:44|D|main.cc|current 188 clients
2013-08-21_15:08:44|I|zclient.cc|ZClient::init(): 0x7fc684055200
2013-08-21_15:08:44|I|zclient.cc|Waiting for response: 0x7fc684055200
2013-08-21_15:08:44|D|main.cc|current 189 clients
2013-08-21_15:08:44|I|zclient.cc|ZClient::init(): 0x7fc684055800
2013-08-21_15:08:44|I|zclient.cc|Waiting for response: 0x7fc684055800
2013-08-21_15:08:44|D|main.cc|current 190 clients
2013-08-21_15:08:44|I|zclient.cc|ZClient::init(): 0x7fc684055e00
2013-08-21_15:08:44|I|zclient.cc|Waiting for response: 0x7fc684055e00
2013-08-21_15:08:44|D|main.cc|current 191 clients
2013-08-21_15:08:44|I|zclient.cc|ZClient::init(): 0x7fc684056400
2013-08-21_15:08:44|I|zclient.cc|Waiting for response: 0x7fc684056400
2013-08-21_15:08:44|D|main.cc|current 192 clients
2013-08-21_15:08:44|I|zclient.cc|ZClient::init(): 0x7fc684056a00
2013-08-21_15:08:44|I|zclient.cc|Waiting for response: 0x7fc684056a00
2013-08-21_15:08:44|D|main.cc|current 193 clients
2013-08-21_15:08:44|I|zclient.cc|ZClient::init(): 0x7fc684057000
2013-08-21_15:08:44|I|zclient.cc|Waiting for response: 0x7fc684057000
2013-08-21_15:08:44|D|main.cc|current 194 clients
2013-08-21_15:08:44|I|zclient.cc|ZClient::init(): 0x7fc684057600
2013-08-21_15:08:44|I|zclient.cc|Waiting for response: 0x7fc684057600
2013-08-21_15:08:44|D|main.cc|current 195 clients
2013-08-21_15:08:44|I|zclient.cc|ZClient::init(): 0x7fc684057c00
2013-08-21_15:08:44|I|zclient.cc|Waiting for response: 0x7fc684057c00
2013-08-21_15:08:44|D|main.cc|current 196 clients
2013-08-21_15:08:44|I|zclient.cc|ZClient::init(): 0x7fc684058200
2013-08-21_15:08:44|I|zclient.cc|Waiting for response: 0x7fc684058200
2013-08-21_15:08:44|D|main.cc|current 197 clients
2013-08-21_15:08:44|I|zclient.cc|ZClient::init(): 0x7fc684058800
2013-08-21_15:08:44|I|zclient.cc|Waiting for response: 0x7fc684058800
2013-08-21_15:08:44|D|main.cc|current 198 clients
2013-08-21_15:08:44|I|zclient.cc|ZClient::init(): 0x7fc684058e00
2013-08-21_15:08:44|I|zclient.cc|Waiting for response: 0x7fc684058e00
2013-08-21_15:08:44|D|main.cc|current 199 clients
2013-08-21_15:08:44|I|zclient.cc|ZClient::init(): 0x7fc684059400
2013-08-21_15:08:44|I|zclient.cc|Waiting for response: 0x7fc684059400
2013-08-21_15:08:44|D|main.cc|current 200 clients
2013-08-21_15:08:44|I|zclient.cc|Connected: 0x7fc684004200
2013-08-21_15:08:44|I|zclient.cc|Connected: 0x7fc68400c600
2013-08-21_15:08:44|I|zclient.cc|Connected: 0x7fc68400cc00
2013-08-21_15:08:44|I|zclient.cc|Connected: 0x7fc68400d200
2013-08-21_15:08:44|I|zclient.cc|Connected: 0x7fc68400d800
2013-08-21_15:08:44|I|zclient.cc|Connected: 0x7fc68400de00
2013-08-21_15:08:44|I|zclient.cc|Connected: 0x7fc68400e400
2013-08-21_15:08:44|I|zclient.cc|Connected: 0x7fc68400ea00
2013-08-21_15:08:44|I|zclient.cc|Connected: 0x7fc68400f000
2013-08-21_15:08:44|I|zclient.cc|Connected: 0x7fc68400f600
2013-08-21_15:08:44|I|zclient.cc|Connected: 0x7fc68400fc00
2013-08-21_15:08:44|I|zclient.cc|Connected: 0x7fc684010200
2013-08-21_15:08:44|I|zclient.cc|Connected: 0x7fc684010800
2013-08-21_15:08:44|I|zclient.cc|Connected: 0x7fc684010e00
2013-08-21_15:08:44|I|zclient.cc|Connected: 0x7fc684011400
2013-08-21_15:08:44|I|zclient.cc|Connected: 0x7fc684011a00
2013-08-21_15:08:44|I|zclient.cc|Connected: 0x7fc684016e00
2013-08-21_15:08:44|I|zclient.cc|Connected: 0x7fc684018000
2013-08-21_15:08:44|I|zclient.cc|Connected: 0x7fc684019200
2013-08-21_15:08:44|I|zclient.cc|Connected: 0x7fc684019e00
2013-08-21_15:08:44|I|zclient.cc|Connected: 0x7fc68401b000
2013-08-21_15:08:44|I|zclient.cc|Connected: 0x7fc68401c200
2013-08-21_15:08:44|I|zclient.cc|Connected: 0x7fc68401ce00
2013-08-21_15:08:44|I|zclient.cc|Connected: 0x7fc68401e000
2013-08-21_15:08:44|I|zclient.cc|Connected: 0x7fc68401ec00
2013-08-21_15:08:44|I|zclient.cc|Connected: 0x7fc68401fe00
2013-08-21_15:08:44|I|zclient.cc|Connected: 0x7fc684020a00
2013-08-21_15:08:44|I|zclient.cc|Connected: 0x7fc684021600
2013-08-21_15:08:44|I|zclient.cc|Connected: 0x7fc684022800
2013-08-21_15:08:44|I|zclient.cc|Connected: 0x7fc684023e00
2013-08-21_15:08:44|I|zclient.cc|Connected: 0x7fc684025600
2013-08-21_15:08:44|I|zclient.cc|Connected: 0x7fc684026200
2013-08-21_15:08:44|I|zclient.cc|Connected: 0x7fc684027400
2013-08-21_15:08:44|I|zclient.cc|Connected: 0x7fc68402c800
2013-08-21_15:08:44|I|zclient.cc|Connected: 0x7fc68402ce00
2013-08-21_15:08:44|I|zclient.cc|Connected: 0x7fc68402d400
2013-08-21_15:08:44|I|zclient.cc|Connected: 0x7fc68402da00
2013-08-21_15:08:44|I|zclient.cc|Connected: 0x7fc68402e000
2013-08-21_15:08:44|I|zclient.cc|Connected: 0x7fc68402e600
2013-08-21_15:08:44|I|zclient.cc|Connected: 0x7fc68402ec00
2013-08-21_15:08:44|I|zclient.cc|Connected: 0x7fc68402f200
2013-08-21_15:08:44|I|zclient.cc|Connected: 0x7fc68402f800
2013-08-21_15:08:44|I|zclient.cc|Connected: 0x7fc68402fe00
2013-08-21_15:08:44|I|zclient.cc|Connected: 0x7fc684030400
2013-08-21_15:08:44|I|zclient.cc|Connected: 0x7fc684030a00
2013-08-21_15:08:44|I|zclient.cc|Connected: 0x7fc684031000
2013-08-21_15:08:44|I|zclient.cc|Connected: 0x7fc684031600
2013-08-21_15:08:44|I|zclient.cc|Connected: 0x7fc684031c00
2013-08-21_15:08:44|I|zclient.cc|Connected: 0x7fc684032200
2013-08-21_15:08:44|I|zclient.cc|Connected: 0x7fc684032800
2013-08-21_15:08:44|I|zclient.cc|Connected: 0x7fc684032e00
2013-08-21_15:08:44|I|zclient.cc|Connected: 0x7fc684033400
2013-08-21_15:08:44|I|zclient.cc|Connected: 0x7fc684033a00
2013-08-21_15:08:44|I|zclient.cc|Connected: 0x7fc684034000
2013-08-21_15:08:44|I|zclient.cc|Connected: 0x7fc684034600
2013-08-21_15:08:44|I|zclient.cc|Connected: 0x7fc684034c00
2013-08-21_15:08:44|I|zclient.cc|Connected: 0x7fc684035200
2013-08-21_15:08:44|I|zclient.cc|Connected: 0x7fc684035800
2013-08-21_15:08:44|I|zclient.cc|Connected: 0x7fc684035e00
2013-08-21_15:08:44|I|zclient.cc|Connected: 0x7fc684036400
2013-08-21_15:08:44|I|zclient.cc|Connected: 0x7fc684036a00
2013-08-21_15:08:44|I|zclient.cc|Connected: 0x7fc684037000
2013-08-21_15:08:44|I|zclient.cc|Connected: 0x7fc684037600
2013-08-21_15:08:44|I|zclient.cc|Connected: 0x7fc684037c00
2013-08-21_15:08:44|I|zclient.cc|Connected: 0x7fc684038200
2013-08-21_15:08:44|I|zclient.cc|Connected: 0x7fc684038800
2013-08-21_15:08:44|I|zclient.cc|Connected: 0x7fc684038e00
2013-08-21_15:08:44|I|zclient.cc|Connected: 0x7fc684039400
2013-08-21_15:08:44|I|zclient.cc|Connected: 0x7fc684039a00
2013-08-21_15:08:44|I|zclient.cc|Connected: 0x7fc68403a000
2013-08-21_15:08:44|I|zclient.cc|Connected: 0x7fc68403a600
2013-08-21_15:08:44|I|zclient.cc|Connected: 0x7fc68403ac00
2013-08-21_15:08:44|I|zclient.cc|Connected: 0x7fc68403b200
2013-08-21_15:08:44|I|zclient.cc|Connected: 0x7fc68403b800
2013-08-21_15:08:44|I|zclient.cc|Connected: 0x7fc68403c600
2013-08-21_15:08:44|I|zclient.cc|Connected: 0x7fc68403cc00
2013-08-21_15:08:44|I|zclient.cc|Connected: 0x7fc68403d200
2013-08-21_15:08:44|I|zclient.cc|Connected: 0x7fc68403d800
2013-08-21_15:08:44|I|zclient.cc|Connected: 0x7fc684024a00
2013-08-21_15:08:44|I|zclient.cc|Connected: 0x7fc68403f600
2013-08-21_15:08:44|I|zclient.cc|Connected: 0x7fc68403fc00
2013-08-21_15:08:44|I|zclient.cc|Connected: 0x7fc684040200
2013-08-21_15:08:44|I|zclient.cc|Connected: 0x7fc684040800
2013-08-21_15:08:44|I|zclient.cc|Connected: 0x7fc684040e00
2013-08-21_15:08:44|I|zclient.cc|Connected: 0x7fc684041400
2013-08-21_15:08:44|I|zclient.cc|Connected: 0x7fc684041a00
2013-08-21_15:08:44|I|zclient.cc|Connected: 0x7fc684042000
2013-08-21_15:08:44|I|zclient.cc|Connected: 0x7fc684042600
2013-08-21_15:08:44|I|zclient.cc|Connected: 0x7fc684042c00
2013-08-21_15:08:44|I|zclient.cc|Connected: 0x7fc684043200
2013-08-21_15:08:44|I|zclient.cc|Connected: 0x7fc684043800
2013-08-21_15:08:44|I|zclient.cc|Connected: 0x7fc684043e00
2013-08-21_15:08:44|I|zclient.cc|Connected: 0x7fc684044400
2013-08-21_15:08:44|I|zclient.cc|Connected: 0x7fc684044a00
2013-08-21_15:08:44|I|zclient.cc|Connected: 0x7fc684045000
2013-08-21_15:08:44|I|zclient.cc|Connected: 0x7fc684045600
2013-08-21_15:08:44|I|zclient.cc|Connected: 0x7fc684045c00
2013-08-21_15:08:44|I|zclient.cc|Connected: 0x7fc684046200
2013-08-21_15:08:44|I|zclient.cc|Connected: 0x7fc684046800
2013-08-21_15:08:44|I|zclient.cc|Connected: 0x7fc684046e00
2013-08-21_15:08:44|I|zclient.cc|Connected: 0x7fc684047400
2013-08-21_15:08:44|I|zclient.cc|Connected: 0x7fc684047a00
2013-08-21_15:08:44|I|zclient.cc|Connected: 0x7fc684048000
2013-08-21_15:08:44|I|zclient.cc|Connected: 0x7fc684048600
2013-08-21_15:08:44|I|zclient.cc|Connected: 0x7fc684048c00
2013-08-21_15:08:44|I|zclient.cc|Connected: 0x7fc684049200
2013-08-21_15:08:44|I|zclient.cc|Connected: 0x7fc684049800
2013-08-21_15:08:44|I|zclient.cc|Connected: 0x7fc684049e00
2013-08-21_15:08:44|I|zclient.cc|Connected: 0x7fc68404a400
2013-08-21_15:08:44|I|zclient.cc|Connected: 0x7fc68404aa00
2013-08-21_15:08:44|I|zclient.cc|Connected: 0x7fc68404b000
2013-08-21_15:08:44|I|zclient.cc|Connected: 0x7fc68404b600
2013-08-21_15:08:44|I|zclient.cc|Connected: 0x7fc68404bc00
2013-08-21_15:08:44|I|zclient.cc|Connected: 0x7fc68404c800
2013-08-21_15:08:44|I|zclient.cc|Connected: 0x7fc68404ce00
2013-08-21_15:08:44|I|zclient.cc|Failed to connect, rv=0, val=54, errno=36
2013-08-21_15:08:44|I|zclient.cc|Failed to connect, rv=0, val=54, errno=36
2013-08-21_15:08:44|I|zclient.cc|Connected: 0x7fc68404e000
2013-08-21_15:08:44|I|zclient.cc|Connected: 0x7fc68404e600
2013-08-21_15:08:44|I|zclient.cc|Connected: 0x7fc68404ec00
2013-08-21_15:08:44|I|zclient.cc|Connected: 0x7fc68404f200
2013-08-21_15:08:44|I|zclient.cc|Connected: 0x7fc68404fe00
2013-08-21_15:08:44|I|zclient.cc|Connected: 0x7fc684050400
2013-08-21_15:08:44|I|zclient.cc|Connected: 0x7fc684050a00
2013-08-21_15:08:44|I|zclient.cc|Connected: 0x7fc684051000
2013-08-21_15:08:44|I|zclient.cc|Connected: 0x7fc684051600
2013-08-21_15:08:44|I|zclient.cc|Connected: 0x7fc684051c00
2013-08-21_15:08:44|I|zclient.cc|Connected: 0x7fc684052200
2013-08-21_15:08:44|I|zclient.cc|Connected: 0x7fc684052800
2013-08-21_15:08:44|I|zclient.cc|Connected: 0x7fc684052e00
2013-08-21_15:08:44|I|zclient.cc|Connected: 0x7fc684053400
2013-08-21_15:08:44|I|zclient.cc|Connected: 0x7fc684054600
2013-08-21_15:08:44|I|zclient.cc|Connected: 0x7fc684054c00
2013-08-21_15:08:44|I|zclient.cc|Connected: 0x7fc684055200
2013-08-21_15:08:44|I|zclient.cc|Connected: 0x7fc684055800
2013-08-21_15:08:44|I|zclient.cc|Connected: 0x7fc684056400
2013-08-21_15:08:44|I|zclient.cc|Connected: 0x7fc684056a00
2013-08-21_15:08:44|I|zclient.cc|Connected: 0x7fc684057000
2013-08-21_15:08:44|I|zclient.cc|Connected: 0x7fc684057600
2013-08-21_15:08:44|I|zclient.cc|Connected: 0x7fc684057c00
2013-08-21_15:08:44|I|zclient.cc|Connected: 0x7fc684058200
2013-08-21_15:08:44|I|zclient.cc|Connected: 0x7fc684058800
2013-08-21_15:08:44|I|zclient.cc|Connected: 0x7fc684058e00
2013-08-21_15:08:45|I|zclient.cc|Connected: 0x7fc68402c200
2013-08-21_15:08:45|I|zclient.cc|Connected: 0x7fc68402bc00
2013-08-21_15:08:45|I|zclient.cc|Connected: 0x7fc68402b600
2013-08-21_15:08:45|I|zclient.cc|Connected: 0x7fc68402b000
2013-08-21_15:08:45|I|zclient.cc|Connected: 0x7fc68402aa00
2013-08-21_15:08:45|I|zclient.cc|Connected: 0x7fc68402a400
2013-08-21_15:08:45|I|zclient.cc|Connected: 0x7fc684029e00
2013-08-21_15:08:45|I|zclient.cc|Connected: 0x7fc684029800
2013-08-21_15:08:45|I|zclient.cc|Connected: 0x7fc684029200
2013-08-21_15:08:45|I|zclient.cc|Connected: 0x7fc684028c00
2013-08-21_15:08:45|I|zclient.cc|Connected: 0x7fc684028600
2013-08-21_15:08:45|I|zclient.cc|Connected: 0x7fc684028000
2013-08-21_15:08:45|I|zclient.cc|Connected: 0x7fc684027a00
2013-08-21_15:08:45|I|zclient.cc|Connected: 0x7fc684026e00
2013-08-21_15:08:45|I|zclient.cc|Connected: 0x7fc684026800
2013-08-21_15:08:45|I|zclient.cc|Connected: 0x7fc684025c00
2013-08-21_15:08:45|I|zclient.cc|Connected: 0x7fc684024400
2013-08-21_15:08:45|I|zclient.cc|Connected: 0x7fc684023800
2013-08-21_15:08:45|I|zclient.cc|Connected: 0x7fc684023200
2013-08-21_15:08:45|I|zclient.cc|Connected: 0x7fc684022200
2013-08-21_15:08:45|I|zclient.cc|Connected: 0x7fc684021c00
2013-08-21_15:08:45|I|zclient.cc|Connected: 0x7fc684021000
2013-08-21_15:08:45|I|zclient.cc|Connected: 0x7fc684020400
2013-08-21_15:08:45|I|zclient.cc|Connected: 0x7fc68401f800
2013-08-21_15:08:45|I|zclient.cc|Connected: 0x7fc68401f200
2013-08-21_15:08:45|I|zclient.cc|Connected: 0x7fc68401e600
2013-08-21_15:08:45|I|zclient.cc|Connected: 0x7fc68401da00
2013-08-21_15:08:45|I|zclient.cc|Connected: 0x7fc68401d400
2013-08-21_15:08:45|I|zclient.cc|Connected: 0x7fc68401c800
2013-08-21_15:08:45|I|zclient.cc|Connected: 0x7fc68401bc00
2013-08-21_15:08:45|I|zclient.cc|Connected: 0x7fc68401b600
2013-08-21_15:08:45|I|zclient.cc|Connected: 0x7fc68401aa00
2013-08-21_15:08:45|I|zclient.cc|Connected: 0x7fc684019800
2013-08-21_15:08:45|I|zclient.cc|Connected: 0x7fc684018c00
2013-08-21_15:08:45|I|zclient.cc|Connected: 0x7fc684018600
2013-08-21_15:08:45|I|zclient.cc|Connected: 0x7fc684017a00
2013-08-21_15:08:45|I|zclient.cc|Connected: 0x7fc684017400
2013-08-21_15:08:45|I|zclient.cc|Connected: 0x7fc684016800
2013-08-21_15:08:45|I|zclient.cc|Connected: 0x7fc684016200
2013-08-21_15:08:45|I|zclient.cc|Connected: 0x7fc684015c00
2013-08-21_15:08:45|I|zclient.cc|Connected: 0x7fc684015600
2013-08-21_15:08:45|I|zclient.cc|Connected: 0x7fc684015000
2013-08-21_15:08:45|I|zclient.cc|Connected: 0x7fc684014a00
2013-08-21_15:08:45|I|zclient.cc|Connected: 0x7fc684014400
2013-08-21_15:08:45|I|zclient.cc|Connected: 0x7fc684013e00
2013-08-21_15:08:45|I|zclient.cc|Connected: 0x7fc684013800
2013-08-21_15:08:45|I|zclient.cc|Connected: 0x7fc684013200
2013-08-21_15:08:45|I|zclient.cc|Connected: 0x7fc684012c00
2013-08-21_15:08:45|I|zclient.cc|Connected: 0x7fc684012600
2013-08-21_15:08:45|I|zclient.cc|Connected: 0x7fc684012000
2013-08-21_15:08:45|I|zclient.cc|Connected: 0x7fc684059400
2013-08-21_15:08:45|I|zclient.cc|Connected: 0x7fc684055e00
2013-08-21_15:08:45|I|zclient.cc|Connected: 0x7fc684054000
2013-08-21_15:08:45|I|zclient.cc|Connected: 0x7fc684053a00
2013-08-21_15:08:45|I|zclient.cc|Connected: 0x7fc68404f800
2013-08-21_15:08:45|I|zclient.cc|Connected: 0x7fc68404c200
2013-08-21_15:08:46|I|zclient.cc|Connected: 0x7fc68401a400
2013-08-21_15:08:49|I|zclient.cc|Waiting for response: 0x7fc68404da00
2013-08-21_15:08:49|I|zclient.cc|Waiting for response: 0x7fc68404d400
2013-08-21_15:08:49|I|zclient.cc|Connected: 0x7fc68404da00
2013-08-21_15:08:49|I|zclient.cc|Connected: 0x7fc68404d400
2013-08-21_15:08:50|I|zclient.cc|Waiting for response: 0x7fc68402bc00
2013-08-21_15:08:50|I|zclient.cc|Waiting for response: 0x7fc68402c200
2013-08-21_15:08:50|I|zclient.cc|Waiting for response: 0x7fc68402b600
2013-08-21_15:08:50|I|zclient.cc|Waiting for response: 0x7fc68402b000
2013-08-21_15:08:50|I|zclient.cc|Waiting for response: 0x7fc68402aa00
2013-08-21_15:08:50|I|zclient.cc|Waiting for response: 0x7fc68402a400
2013-08-21_15:08:50|I|zclient.cc|Waiting for response: 0x7fc684029800
2013-08-21_15:08:50|I|zclient.cc|Waiting for response: 0x7fc684029e00
2013-08-21_15:08:50|I|zclient.cc|Waiting for response: 0x7fc684028c00
2013-08-21_15:08:50|I|zclient.cc|Waiting for response: 0x7fc684029200
2013-08-21_15:08:50|I|zclient.cc|Waiting for response: 0x7fc684026e00
2013-08-21_15:08:50|I|zclient.cc|Waiting for response: 0x7fc684027a00
2013-08-21_15:08:50|I|zclient.cc|Waiting for response: 0x7fc684028600
2013-08-21_15:08:50|I|zclient.cc|Waiting for response: 0x7fc684028000
2013-08-21_15:08:50|I|zclient.cc|Waiting for response: 0x7fc684021c00
2013-08-21_15:08:50|I|zclient.cc|Waiting for response: 0x7fc684022200
2013-08-21_15:08:50|I|zclient.cc|Waiting for response: 0x7fc684023200
2013-08-21_15:08:50|I|zclient.cc|Waiting for response: 0x7fc684025c00
2013-08-21_15:08:50|I|zclient.cc|Waiting for response: 0x7fc684026800
2013-08-21_15:08:50|I|zclient.cc|Waiting for response: 0x7fc68401d400
2013-08-21_15:08:50|I|zclient.cc|Waiting for response: 0x7fc68401e600
2013-08-21_15:08:50|I|zclient.cc|Waiting for response: 0x7fc68401da00
2013-08-21_15:08:50|I|zclient.cc|Waiting for response: 0x7fc68401f200
2013-08-21_15:08:50|I|zclient.cc|Waiting for response: 0x7fc68401bc00
2013-08-21_15:08:50|I|zclient.cc|Waiting for response: 0x7fc684021000
2013-08-21_15:08:50|I|zclient.cc|Waiting for response: 0x7fc68401f800
2013-08-21_15:08:50|I|zclient.cc|Waiting for response: 0x7fc684017a00
2013-08-21_15:08:50|I|zclient.cc|Waiting for response: 0x7fc684017400
2013-08-21_15:08:50|I|zclient.cc|Waiting for response: 0x7fc684018600
2013-08-21_15:08:50|I|zclient.cc|Waiting for response: 0x7fc68401b600
2013-08-21_15:08:50|I|zclient.cc|Waiting for response: 0x7fc68401aa00
2013-08-21_15:08:50|I|zclient.cc|Waiting for response: 0x7fc684014400
2013-08-21_15:08:50|I|zclient.cc|Waiting for response: 0x7fc684015600
2013-08-21_15:08:50|I|zclient.cc|Waiting for response: 0x7fc684012600
2013-08-21_15:08:50|I|zclient.cc|Connected: 0x7fc68402c200
2013-08-21_15:08:50|I|zclient.cc|Connected: 0x7fc684017400
2013-08-21_15:08:50|I|zclient.cc|Failed to connect, rv=0, val=54, errno=36
2013-08-21_15:08:50|I|zclient.cc|Failed to connect, rv=-1, val=-1, errno=9
2013-08-21_15:08:50|I|zclient.cc|Connected: 0x7fc68402b000
2013-08-21_15:08:50|I|zclient.cc|Connected: 0x7fc684018600
2013-08-21_15:08:50|I|zclient.cc|Failed to connect, rv=0, val=54, errno=9
2013-08-21_15:08:50|I|zclient.cc|Failed to connect, rv=-1, val=-1, errno=9
2013-08-21_15:08:50|I|zclient.cc|Failed to connect, rv=0, val=54, errno=9
2013-08-21_15:08:50|I|zclient.cc|Failed to connect, rv=-1, val=-1, errno=9
2013-08-21_15:08:50|I|zclient.cc|Connected: 0x7fc684029200
2013-08-21_15:08:50|I|zclient.cc|Connected: 0x7fc68401e600
2013-08-21_15:08:50|I|zclient.cc|Connected: 0x7fc68402a400
2013-08-21_15:08:50|I|zclient.cc|Connected: 0x7fc68401b600
2013-08-21_15:08:50|I|zclient.cc|Failed to connect, rv=0, val=54, errno=9
2013-08-21_15:08:50|I|zclient.cc|Failed to connect, rv=-1, val=-1, errno=9
2013-08-21_15:08:50|I|zclient.cc|Failed to connect, rv=0, val=54, errno=9
2013-08-21_15:08:50|I|zclient.cc|Failed to connect, rv=-1, val=-1, errno=9
2013-08-21_15:08:50|I|zclient.cc|Connected: 0x7fc684028000
2013-08-21_15:08:50|I|zclient.cc|Connected: 0x7fc684021c00
2013-08-21_15:08:50|I|zclient.cc|Connected: 0x7fc684022200
2013-08-21_15:08:50|I|zclient.cc|Connected: 0x7fc684023200
2013-08-21_15:08:50|I|zclient.cc|Connected: 0x7fc684025c00
2013-08-21_15:08:50|I|zclient.cc|Connected: 0x7fc684026800
2013-08-21_15:08:50|I|zclient.cc|Failed to connect, rv=0, val=54, errno=9
2013-08-21_15:08:50|I|zclient.cc|Failed to connect, rv=-1, val=-1, errno=9
2013-08-21_15:08:50|I|zclient.cc|Failed to connect, rv=0, val=54, errno=9
2013-08-21_15:08:50|I|zclient.cc|Connected: 0x7fc684012600
2013-08-21_15:08:51|I|zclient.cc|Connected: 0x7fc68402bc00
2013-08-21_15:08:51|I|zclient.cc|Connected: 0x7fc684015600
2013-08-21_15:08:51|I|zclient.cc|Connected: 0x7fc684028600
2013-08-21_15:08:51|I|zclient.cc|Connected: 0x7fc684021000
2013-08-21_15:08:51|I|zclient.cc|Connected: 0x7fc684029800
2013-08-21_15:08:51|I|zclient.cc|Connected: 0x7fc68401bc00
2013-08-21_15:08:55|I|zclient.cc|Waiting for response: 0x7fc684028c00
2013-08-21_15:08:55|I|zclient.cc|Waiting for response: 0x7fc68401d400
2013-08-21_15:08:55|I|zclient.cc|Waiting for response: 0x7fc68402b600
2013-08-21_15:08:55|I|zclient.cc|Waiting for response: 0x7fc684026e00
2013-08-21_15:08:55|I|zclient.cc|Waiting for response: 0x7fc68401f800
2013-08-21_15:08:55|I|zclient.cc|Waiting for response: 0x7fc68401f200
2013-08-21_15:08:55|I|zclient.cc|Waiting for response: 0x7fc68401da00
2013-08-21_15:08:55|I|zclient.cc|Waiting for response: 0x7fc684029e00
2013-08-21_15:08:55|I|zclient.cc|Waiting for response: 0x7fc684017a00
2013-08-21_15:08:55|I|zclient.cc|Waiting for response: 0x7fc684027a00
2013-08-21_15:08:55|I|zclient.cc|Waiting for response: 0x7fc68402aa00
2013-08-21_15:08:55|I|zclient.cc|Waiting for response: 0x7fc684017400
2013-08-21_15:08:55|I|zclient.cc|Waiting for response: 0x7fc68401b600
2013-08-21_15:08:55|I|zclient.cc|Waiting for response: 0x7fc684014400
2013-08-21_15:08:55|I|zclient.cc|Waiting for response: 0x7fc68402c200
2013-08-21_15:08:55|I|zclient.cc|Waiting for response: 0x7fc68402b000
2013-08-21_15:08:55|I|zclient.cc|Waiting for response: 0x7fc68401aa00
2013-08-21_15:08:55|I|zclient.cc|Waiting for response: 0x7fc68402a400
2013-08-21_15:08:55|I|zclient.cc|Waiting for response: 0x7fc684018600
2013-08-21_15:08:55|I|zclient.cc|Connected: 0x7fc684028c00
2013-08-21_15:08:55|I|zclient.cc|Connected: 0x7fc68401d400
2013-08-21_15:08:55|I|zclient.cc|Connected: 0x7fc684017400
2013-08-21_15:08:55|I|zclient.cc|Connected: 0x7fc68402c200
2013-08-21_15:08:55|I|zclient.cc|Connected: 0x7fc68402b600
2013-08-21_15:08:55|I|zclient.cc|Connected: 0x7fc684026e00
2013-08-21_15:08:55|I|zclient.cc|Connected: 0x7fc68402b000
2013-08-21_15:08:55|I|zclient.cc|Connected: 0x7fc684018600
2013-08-21_15:08:55|I|zclient.cc|Connected: 0x7fc68401f800
2013-08-21_15:08:55|I|zclient.cc|Connected: 0x7fc68401f200
2013-08-21_15:08:55|I|zclient.cc|Connected: 0x7fc68401b600
2013-08-21_15:08:55|I|zclient.cc|Connected: 0x7fc68402a400
2013-08-21_15:08:55|I|zclient.cc|Connected: 0x7fc68401da00
2013-08-21_15:08:55|I|zclient.cc|Connected: 0x7fc684029e00
2013-08-21_15:08:55|I|zclient.cc|Connected: 0x7fc684017a00
2013-08-21_15:08:55|I|zclient.cc|Connected: 0x7fc684027a00
2013-08-21_15:08:55|I|zclient.cc|Connected: 0x7fc68402aa00
2013-08-21_15:08:55|I|zclient.cc|Connected: 0x7fc684014400
2013-08-21_15:08:55|I|zclient.cc|Connected: 0x7fc68401aa00
