Waiting for response
Waiting for response
Waiting for response
Waiting for response
Waiting for response
Waiting for response
Waiting for response
Waiting for response
Waiting for response
Waiting for response
Waiting for response
Waiting for response
Waiting for response
Waiting for response
Waiting for response
Waiting for response
Waiting for response
Waiting for response
Waiting for response
Waiting for response
Waiting for response
Waiting for response
Waiting for response
Waiting for response
Waiting for response
Waiting for response
Waiting for response
Waiting for response
Waiting for response
Waiting for response
Waiting for response
Waiting for response
Waiting for response
Waiting for response
Waiting for response
Waiting for response
Waiting for response
Waiting for response
Waiting for response
Waiting for response
Waiting for response
Waiting for response
Waiting for response
Waiting for response
Waiting for response
Waiting for response
Waiting for response
Waiting for response
Waiting for response
Waiting for response
Waiting for response
Waiting for response
Waiting for response
Waiting for response
Waiting for response
Waiting for response
Waiting for response
Waiting for response
Waiting for response
Waiting for response
Waiting for response
Waiting for response
Waiting for response
Waiting for response
Waiting for response
Waiting for response
Waiting for response
Waiting for response
Waiting for response
Waiting for response
Waiting for response
Waiting for response
Waiting for response
Waiting for response
Waiting for response
Waiting for response
Waiting for response
Waiting for response
Waiting for response
Waiting for response
Waiting for response
Waiting for response
Waiting for response
Waiting for response
Waiting for response
Waiting for response
Waiting for response
Waiting for response
Waiting for response
Waiting for response
Waiting for response
Waiting for response
Waiting for response
Waiting for response
Waiting for response
Waiting for response
Waiting for response
Waiting for response
Waiting for response
Waiting for response
Waiting for response
Waiting for response
Waiting for response
Waiting for response
Waiting for response
Waiting for response
Waiting for response
Waiting for response
Waiting for response
Waiting for response
Waiting for response
Waiting for response
Waiting for response
Waiting for response
Waiting for response
Waiting for response
Waiting for response
Waiting for response
Waiting for response
Waiting for response
Waiting for response
Waiting for response
Waiting for response
Waiting for response
Waiting for response
Waiting for response
Waiting for response
Waiting for response
Waiting for response
Waiting for response
Waiting for response
Waiting for response
Waiting for response
Waiting for response
Waiting for response
Waiting for response
Waiting for response
Waiting for response
Waiting for response
Waiting for response
Waiting for response
Waiting for response
Waiting for response
Waiting for response
Waiting for response
Waiting for response
Waiting for response
Waiting for response
Waiting for response
Waiting for response
Waiting for response
Waiting for response
Waiting for response
Waiting for response
Waiting for response
Waiting for response
Waiting for response
Waiting for response
Waiting for response
Waiting for response
Waiting for response
Waiting for response
Waiting for response
Waiting for response
Waiting for response
Waiting for response
Waiting for response
Waiting for response
Waiting for response
Waiting for response
Waiting for response
Waiting for response
Waiting for response
Waiting for response
Waiting for response
Waiting for response
Waiting for response
Waiting for response
Waiting for response
Waiting for response
Waiting for response
Waiting for response
Waiting for response
Waiting for response
Waiting for response
Waiting for response
Waiting for response
Waiting for response
Waiting for response
Waiting for response
Waiting for response
Waiting for response
Waiting for response
Waiting for response
Waiting for response
Waiting for response
Waiting for response
Waiting for response
Waiting for response
Waiting for response
Waiting for response
Waiting for response
Waiting for response
Waiting for response
Waiting for response
Waiting for response
Waiting for response
Waiting for response
Waiting for response
Waiting for response
Waiting for response
Waiting for response
Waiting for response
Waiting for response
Waiting for response
Waiting for response
Waiting for response
Waiting for response
Waiting for response
Waiting for response
Waiting for response
Waiting for response
Waiting for response
Waiting for response
Waiting for response
Waiting for response
Waiting for response
Waiting for response
Waiting for response
Waiting for response
Waiting for response
Waiting for response
Waiting for response
Waiting for response
Waiting for response
Waiting for response
Waiting for response
Waiting for response
Waiting for response
Waiting for response
Waiting for response
Waiting for response
Waiting for response
Waiting for response
Waiting for response
Waiting for response
Waiting for response
Waiting for response
Waiting for response
Waiting for response
Waiting for response
Waiting for response
Waiting for response
Waiting for response
Waiting for response
Waiting for response
Waiting for response
Waiting for response
Waiting for response
Waiting for response
Waiting for response
Waiting for response
Waiting for response
Waiting for response
Waiting for response
Waiting for response
Waiting for response
Waiting for response
Waiting for response
Waiting for response
Waiting for response
Waiting for response
Waiting for response
Waiting for response
Waiting for response
Waiting for response
Waiting for response
Waiting for response
Waiting for response
Waiting for response
Waiting for response
Waiting for response
Waiting for response
Waiting for response
Waiting for response
Waiting for response
Waiting for response
Waiting for response
Waiting for response
Waiting for response
Waiting for response
Waiting for response
Waiting for response
Waiting for response
Waiting for response
Waiting for response
Waiting for response
Waiting for response
Waiting for response
Waiting for response
Waiting for response
Waiting for response
Waiting for response
Waiting for response
Waiting for response
Waiting for response
Waiting for response
Waiting for response
Waiting for response
Waiting for response
Waiting for response
Waiting for response
Waiting for response
Waiting for response
Waiting for response
Waiting for response
Waiting for response
Waiting for response
Waiting for response
Waiting for response
Waiting for response
Waiting for response
Waiting for response
Waiting for response
Waiting for response
Waiting for response
Waiting for response
Waiting for response
Waiting for response
Waiting for response
Waiting for response
Waiting for response
Waiting for response
Waiting for response
Waiting for response
Waiting for response
Waiting for response
Waiting for response
Waiting for response
Waiting for response
Waiting for response
Waiting for response
Waiting for response
Waiting for response
Waiting for response
Waiting for response
Waiting for response
Waiting for response
Waiting for response
Waiting for response
Waiting for response
Waiting for response
Waiting for response
Waiting for response
Waiting for response
Waiting for response
Waiting for response
Waiting for response
Waiting for response
Waiting for response
Waiting for response
Waiting for response
Waiting for response
Waiting for response
Waiting for response
Waiting for response
Waiting for response
Waiting for response
Waiting for response
Waiting for response
Waiting for response
Waiting for response
Waiting for response
Waiting for response
Waiting for response
Waiting for response
Waiting for response
Waiting for response
Waiting for response
Waiting for response
Waiting for response
Waiting for response
Waiting for response
Waiting for response
Waiting for response
Waiting for response
Waiting for response
Waiting for response
Waiting for response
Waiting for response
Waiting for response
Waiting for response
Waiting for response
Waiting for response
Waiting for response
Waiting for response
Waiting for response
Waiting for response
Waiting for response
Waiting for response
Waiting for response
Waiting for response
Waiting for response
Waiting for response
Waiting for response
Waiting for response
Waiting for response
Waiting for response
Waiting for response
Waiting for response
Waiting for response
Waiting for response
Waiting for response
Waiting for response
Waiting for response
Waiting for response
Waiting for response
Waiting for response
Waiting for response
Waiting for response
Waiting for response
Waiting for response
Waiting for response
Waiting for response
Waiting for response
Waiting for response
Waiting for response
Waiting for response
Waiting for response
Waiting for response
Waiting for response
Waiting for response
Waiting for response
Waiting for response
Waiting for response
Waiting for response
Waiting for response
Waiting for response
Waiting for response
Waiting for response
Waiting for response
Waiting for response
Waiting for response
Waiting for response
Waiting for response
Waiting for response
Waiting for response
Waiting for response
Waiting for response
Waiting for response
Waiting for response
Waiting for response
Waiting for response
Waiting for response
Waiting for response
Waiting for response
Waiting for response
Waiting for response
Waiting for response
Waiting for response
Waiting for response
Waiting for response
Waiting for response
Waiting for response
Waiting for response
Waiting for response
Waiting for response
Waiting for response
Waiting for response
Waiting for response
Waiting for response
Waiting for response
Waiting for response
Waiting for response
Waiting for response
Waiting for response
Waiting for response
Waiting for response
Waiting for response
Waiting for response
Waiting for response
Waiting for response
Waiting for response
Waiting for response
Waiting for response
Waiting for response
Waiting for response
Waiting for response
Waiting for response
Waiting for response
Waiting for response
Waiting for response
Waiting for response
Waiting for response
Waiting for response
Waiting for response
Waiting for response
Waiting for response
Waiting for response
Waiting for response
Waiting for response
Waiting for response
Waiting for response
Waiting for response
Waiting for response
Waiting for response
Waiting for response
Waiting for response
Waiting for response
Waiting for response
Waiting for response
Waiting for response
Waiting for response
Waiting for response
Waiting for response
Waiting for response
Waiting for response
Waiting for response
Waiting for response
Waiting for response
Waiting for response
Waiting for response
Waiting for response
Waiting for response
Waiting for response
Waiting for response
Waiting for response
Waiting for response
Waiting for response
Waiting for response
Waiting for response
Waiting for response
Waiting for response
Waiting for response
Waiting for response
Waiting for response
Waiting for response
Waiting for response
Waiting for response
Waiting for response
Waiting for response
Waiting for response
Waiting for response
Waiting for response
Waiting for response
Waiting for response
Waiting for response
Waiting for response
Waiting for response
Waiting for response
Waiting for response
Waiting for response
Waiting for response
Waiting for response
Waiting for response
Waiting for response
Waiting for response
Waiting for response
Waiting for response
Waiting for response
Waiting for response
Waiting for response
Waiting for response
Waiting for response
Waiting for response
Waiting for response
Waiting for response
Waiting for response
Waiting for response
Waiting for response
Waiting for response
Waiting for response
Waiting for response
Waiting for response
Waiting for response
Waiting for response
Waiting for response
Waiting for response
Waiting for response
Waiting for response
Waiting for response
Waiting for response
Waiting for response
Waiting for response
Waiting for response
Waiting for response
Waiting for response
Waiting for response
Waiting for response
Waiting for response
Waiting for response
Waiting for response
Waiting for response
Waiting for response
Waiting for response
Waiting for response
Waiting for response
Waiting for response
Waiting for response
Waiting for response
Waiting for response
Waiting for response
Waiting for response
Waiting for response
Waiting for response
Waiting for response
Waiting for response
Waiting for response
Waiting for response
Waiting for response
Waiting for response
Waiting for response
Waiting for response
Waiting for response
Waiting for response
Waiting for response
Waiting for response
Waiting for response
Waiting for response
Waiting for response
Waiting for response
Waiting for response
Waiting for response
Waiting for response
Waiting for response
Waiting for response
Waiting for response
Waiting for response
Waiting for response
Waiting for response
Waiting for response
Waiting for response
Waiting for response
Waiting for response
Waiting for response
Waiting for response
Waiting for response
Waiting for response
Waiting for response
Waiting for response
Waiting for response
Waiting for response
Waiting for response
Waiting for response
Waiting for response
Waiting for response
Waiting for response
Waiting for response
Waiting for response
Waiting for response
Waiting for response
Waiting for response
Waiting for response
Waiting for response
Waiting for response
Waiting for response
Waiting for response
Waiting for response
Waiting for response
Waiting for response
Waiting for response
Waiting for response
Waiting for response
Waiting for response
Waiting for response
Waiting for response
Waiting for response
Waiting for response
Waiting for response
Waiting for response
Waiting for response
Waiting for response
Waiting for response
Waiting for response
Waiting for response
Waiting for response
Waiting for response
Waiting for response
Waiting for response
Waiting for response
Waiting for response
Waiting for response
Waiting for response
Waiting for response
Waiting for response
Waiting for response
Waiting for response
Waiting for response
Waiting for response
Waiting for response
Waiting for response
Waiting for response
Waiting for response
Waiting for response
Waiting for response
Waiting for response
Waiting for response
Waiting for response
Waiting for response
Waiting for response
Waiting for response
Waiting for response
Waiting for response
Waiting for response
Waiting for response
Waiting for response
Waiting for response
Waiting for response
Waiting for response
Waiting for response
Waiting for response
Waiting for response
Waiting for response
Waiting for response
Waiting for response
Waiting for response
Waiting for response
Waiting for response
Waiting for response
Waiting for response
Waiting for response
Waiting for response
Waiting for response
Waiting for response
Waiting for response
Waiting for response
Waiting for response
Waiting for response
Waiting for response
Waiting for response
Waiting for response
Waiting for response
Waiting for response
Waiting for response
Waiting for response
Waiting for response
Waiting for response
Waiting for response
Waiting for response
Waiting for response
Waiting for response
Waiting for response
Waiting for response
Waiting for response
Waiting for response
Waiting for response
Waiting for response
Waiting for response
Waiting for response
Waiting for response
Waiting for response
Waiting for response
Waiting for response
Waiting for response
Waiting for response
Waiting for response
Waiting for response
Waiting for response
Waiting for response
Waiting for response
Waiting for response
Waiting for response
Waiting for response
Waiting for response
Waiting for response
Waiting for response
Waiting for response
Waiting for response
Waiting for response
Waiting for response
Waiting for response
Waiting for response
Waiting for response
Waiting for response
Waiting for response
Waiting for response
Waiting for response
Waiting for response
Waiting for response
Waiting for response
Waiting for response
Waiting for response
Waiting for response
Waiting for response
Waiting for response
Waiting for response
Waiting for response
Waiting for response
Waiting for response
Waiting for response
Waiting for response
Waiting for response
Waiting for response
Waiting for response
Waiting for response
Waiting for response
Waiting for response
Waiting for response
Waiting for response
Waiting for response
Waiting for response
Waiting for response
Waiting for response
Waiting for response
Waiting for response
Waiting for response
Waiting for response
Waiting for response
Waiting for response
Waiting for response
Waiting for response
Waiting for response
Waiting for response
Waiting for response
Waiting for response
Waiting for response
Waiting for response
Waiting for response
Waiting for response
Waiting for response
Waiting for response
Waiting for response
Waiting for response
Waiting for response
Waiting for response
Waiting for response
Waiting for response
Waiting for response
Waiting for response
Waiting for response
Waiting for response
Waiting for response
Waiting for response
Waiting for response
Waiting for response
Waiting for response
Waiting for response
Waiting for response
Waiting for response
Waiting for response
Waiting for response
Waiting for response
Waiting for response
Waiting for response
Waiting for response
Waiting for response
Waiting for response
Waiting for response
Waiting for response
Waiting for response
Waiting for response
Waiting for response
Waiting for response
Waiting for response
Waiting for response
Waiting for response
Waiting for response
Waiting for response
Waiting for response
Waiting for response
Waiting for response
Waiting for response
Waiting for response
Waiting for response
Waiting for response
Waiting for response
Waiting for response
Waiting for response
Waiting for response
Waiting for response
Waiting for response
Waiting for response
Waiting for response
Waiting for response
Waiting for response
Waiting for response
Waiting for response
Waiting for response
Waiting for response
Waiting for response
Waiting for response
Waiting for response
Waiting for response
Waiting for response
Waiting for response
Waiting for response
Waiting for response
Waiting for response
Waiting for response
Waiting for response
Waiting for response
Waiting for response
Waiting for response
Waiting for response
Waiting for response
Waiting for response
Waiting for response
Waiting for response
Waiting for response
Waiting for response
Waiting for response
Waiting for response
Waiting for response
Waiting for response
Waiting for response
Waiting for response
Waiting for response
Waiting for response
Waiting for response
Waiting for response
Waiting for response
Waiting for response
Waiting for response
Waiting for response
Waiting for response
Waiting for response
Waiting for response
Waiting for response
Waiting for response
Waiting for response
Waiting for response
Waiting for response
Waiting for response
Waiting for response
Waiting for response
Waiting for response
Waiting for response
Waiting for response
Waiting for response
Waiting for response
Waiting for response
Waiting for response
Waiting for response
Waiting for response
Waiting for response
Waiting for response
Waiting for response
Waiting for response
Waiting for response
Waiting for response
Waiting for response
Waiting for response
Waiting for response
Waiting for response
Waiting for response
Waiting for response
Waiting for response
Waiting for response
Waiting for response
Waiting for response
Waiting for response
Waiting for response
Waiting for response
Waiting for response
Waiting for response
Waiting for response
Waiting for response
Waiting for response
Waiting for response
Waiting for response
Waiting for response
Waiting for response
Waiting for response
Waiting for response
Waiting for response
Waiting for response
Waiting for response
Waiting for response
Waiting for response
Waiting for response
Waiting for response
Waiting for response
Waiting for response
Waiting for response
Waiting for response
Waiting for response
Waiting for response
Waiting for response
Waiting for response
Waiting for response
Waiting for response
Waiting for response
Waiting for response
Waiting for response
Waiting for response
Waiting for response
Waiting for response
Waiting for response
Waiting for response
Waiting for response
Waiting for response
Waiting for response
Waiting for response
Waiting for response
Waiting for response
Waiting for response
Waiting for response
Waiting for response
Waiting for response
Waiting for response
beginning of loop
ZClient::event()
Connected: 0x7fe433804200
ZClient::event()
Connected: 0x7fe433805800
ZClient::event()
Connected: 0x7fe433805e00
ZClient::event()
Connected: 0x7fe433806400
ZClient::event()
Connected: 0x7fe433806a00
ZClient::event()
Connected: 0x7fe433807000
ZClient::event()
Connected: 0x7fe433807600
ZClient::event()
Connected: 0x7fe433807c00
ZClient::event()
Connected: 0x7fe433808200
ZClient::event()
Connected: 0x7fe433808800
ZClient::event()
Connected: 0x7fe433808e00
ZClient::event()
Connected: 0x7fe433809400
ZClient::event()
Connected: 0x7fe433809a00
ZClient::event()
Connected: 0x7fe43380a000
ZClient::event()
W|still connecting: 0x7fe43380a600
ZClient::event()
Connected: 0x7fe43380ac00
ZClient::event()
W|still connecting: 0x7fe43380b200
ZClient::event()
W|still connecting: 0x7fe43380b800
ZClient::event()
W|still connecting: 0x7fe43380be00
ZClient::event()
W|still connecting: 0x7fe43380c400
ZClient::event()
W|still connecting: 0x7fe43380ca00
ZClient::event()
W|still connecting: 0x7fe43380d600
ZClient::event()
W|still connecting: 0x7fe43380dc00
ZClient::event()
W|still connecting: 0x7fe43380e200
ZClient::event()
W|still connecting: 0x7fe43380ee00
ZClient::event()
W|still connecting: 0x7fe43380f400
ZClient::event()
W|still connecting: 0x7fe433810000
ZClient::event()
W|still connecting: 0x7fe433810600
ZClient::event()
W|still connecting: 0x7fe433810c00
ZClient::event()
W|still connecting: 0x7fe433811800
ZClient::event()
W|still connecting: 0x7fe433811e00
ZClient::event()
W|still connecting: 0x7fe433812400
ZClient::event()
W|still connecting: 0x7fe433812a00
ZClient::event()
Connected: 0x7fe433813000
ZClient::event()
W|still connecting: 0x7fe433813600
ZClient::event()
W|still connecting: 0x7fe433814200
ZClient::event()
W|still connecting: 0x7fe433814800
ZClient::event()
W|still connecting: 0x7fe433814e00
ZClient::event()
W|still connecting: 0x7fe433815a00
ZClient::event()
W|still connecting: 0x7fe433816600
ZClient::event()
W|still connecting: 0x7fe433816c00
ZClient::event()
W|still connecting: 0x7fe433817800
ZClient::event()
W|still connecting: 0x7fe433817e00
ZClient::event()
W|still connecting: 0x7fe433818400
ZClient::event()
W|still connecting: 0x7fe433819000
ZClient::event()
W|still connecting: 0x7fe433819c00
ZClient::event()
W|still connecting: 0x7fe43381a200
ZClient::event()
W|still connecting: 0x7fe43381ae00
ZClient::event()
W|still connecting: 0x7fe43381b400
ZClient::event()
W|still connecting: 0x7fe43381ba00
ZClient::event()
W|still connecting: 0x7fe43381c400
ZClient::event()
W|still connecting: 0x7fe43381ca00
ZClient::event()
W|still connecting: 0x7fe43381d000
ZClient::event()
W|still connecting: 0x7fe43381d600
ZClient::event()
W|still connecting: 0x7fe43381e000
ZClient::event()
W|still connecting: 0x7fe43381e600
ZClient::event()
W|still connecting: 0x7fe43381ec00
ZClient::event()
W|still connecting: 0x7fe43381f200
ZClient::event()
W|still connecting: 0x7fe43381f800
ZClient::event()
Connected: 0x7fe433820400
ZClient::event()
W|still connecting: 0x7fe433820a00
ZClient::event()
W|still connecting: 0x7fe433821000
ZClient::event()
W|still connecting: 0x7fe433821600
ZClient::event()
W|still connecting: 0x7fe433822800
ZClient::event()
W|still connecting: 0x7fe433822e00
ZClient::event()
W|still connecting: 0x7fe433823400
ZClient::event()
W|still connecting: 0x7fe433823a00
ZClient::event()
W|still connecting: 0x7fe433824000
ZClient::event()
W|still connecting: 0x7fe433824c00
ZClient::event()
W|still connecting: 0x7fe433825200
ZClient::event()
W|still connecting: 0x7fe433825800
ZClient::event()
W|still connecting: 0x7fe433825e00
ZClient::event()
W|still connecting: 0x7fe433826400
ZClient::event()
W|still connecting: 0x7fe433826a00
ZClient::event()
W|still connecting: 0x7fe433827000
ZClient::event()
W|still connecting: 0x7fe433827600
ZClient::event()
W|still connecting: 0x7fe433827c00
ZClient::event()
W|still connecting: 0x7fe433828200
ZClient::event()
W|still connecting: 0x7fe433828800
ZClient::event()
W|still connecting: 0x7fe433828e00
ZClient::event()
W|still connecting: 0x7fe433829400
ZClient::event()
W|still connecting: 0x7fe43382a000
ZClient::event()
W|still connecting: 0x7fe43382ac00
ZClient::event()
W|still connecting: 0x7fe43382b200
ZClient::event()
W|still connecting: 0x7fe43382c400
ZClient::event()
W|still connecting: 0x7fe43382ca00
ZClient::event()
W|still connecting: 0x7fe43382d000
ZClient::event()
W|still connecting: 0x7fe43382d600
ZClient::event()
W|still connecting: 0x7fe43382e800
ZClient::event()
W|still connecting: 0x7fe43382fa00
ZClient::event()
W|still connecting: 0x7fe433830000
ZClient::event()
W|still connecting: 0x7fe433830600
ZClient::event()
W|still connecting: 0x7fe433831200
ZClient::event()
W|still connecting: 0x7fe433831e00
ZClient::event()
W|still connecting: 0x7fe433832400
ZClient::event()
W|still connecting: 0x7fe433832a00
ZClient::event()
W|still connecting: 0x7fe433833000
ZClient::event()
W|still connecting: 0x7fe433833600
ZClient::event()
W|still connecting: 0x7fe433834200
ZClient::event()
W|still connecting: 0x7fe433835000
ZClient::event()
W|still connecting: 0x7fe433835c00
ZClient::event()
W|still connecting: 0x7fe433836200
ZClient::event()
W|still connecting: 0x7fe433837600
ZClient::event()
W|still connecting: 0x7fe433838200
ZClient::event()
W|still connecting: 0x7fe433838800
ZClient::event()
W|still connecting: 0x7fe433838e00
ZClient::event()
W|still connecting: 0x7fe433839400
ZClient::event()
W|still connecting: 0x7fe433839a00
ZClient::event()
W|still connecting: 0x7fe43383a000
ZClient::event()
W|still connecting: 0x7fe43383a600
ZClient::event()
W|still connecting: 0x7fe43383ac00
ZClient::event()
W|still connecting: 0x7fe43383b200
ZClient::event()
W|still connecting: 0x7fe43383b800
ZClient::event()
W|still connecting: 0x7fe43383be00
ZClient::event()
W|still connecting: 0x7fe43383c400
ZClient::event()
W|still connecting: 0x7fe43383ca00
ZClient::event()
W|still connecting: 0x7fe43383dc00
ZClient::event()
W|still connecting: 0x7fe43383e800
ZClient::event()
W|still connecting: 0x7fe43383ee00
ZClient::event()
W|still connecting: 0x7fe43383fa00
ZClient::event()
Connected: 0x7fe433840000
ZClient::event()
W|still connecting: 0x7fe433840600
ZClient::event()
Connected: 0x7fe433841200
ZClient::event()
Connected: 0x7fe433841800
ZClient::event()
W|still connecting: 0x7fe433841e00
ZClient::event()
Connected: 0x7fe433842400
ZClient::event()
Connected: 0x7fe433842a00
ZClient::event()
W|still connecting: 0x7fe433843000
ZClient::event()
Connected: 0x7fe433843600
ZClient::event()
Connected: 0x7fe433843c00
ZClient::event()
W|still connecting: 0x7fe433844200
ZClient::event()
Connected: 0x7fe433844800
ZClient::event()
W|still connecting: 0x7fe433844e00
ZClient::event()
W|still connecting: 0x7fe433845400
ZClient::event()
W|still connecting: 0x7fe433845a00
ZClient::event()
W|still connecting: 0x7fe433846000
ZClient::event()
W|still connecting: 0x7fe433846600
ZClient::event()
Connected: 0x7fe433846c00
ZClient::event()
Connected: 0x7fe433847200
ZClient::event()
W|still connecting: 0x7fe433847800
ZClient::event()
Connected: 0x7fe433847e00
ZClient::event()
Connected: 0x7fe433848400
ZClient::event()
W|still connecting: 0x7fe433848a00
ZClient::event()
W|still connecting: 0x7fe433849000
ZClient::event()
W|still connecting: 0x7fe433849600
ZClient::event()
W|still connecting: 0x7fe433849c00
ZClient::event()
Connected: 0x7fe43384a200
ZClient::event()
Connected: 0x7fe43384a800
ZClient::event()
Connected: 0x7fe43384ae00
ZClient::event()
W|still connecting: 0x7fe43384b400
ZClient::event()
W|still connecting: 0x7fe43384ba00
ZClient::event()
W|still connecting: 0x7fe43384c000
ZClient::event()
W|still connecting: 0x7fe43384c600
ZClient::event()
W|still connecting: 0x7fe43384cc00
ZClient::event()
Connected: 0x7fe43384d200
ZClient::event()
W|still connecting: 0x7fe43384d800
ZClient::event()
W|still connecting: 0x7fe43384de00
ZClient::event()
W|still connecting: 0x7fe43384e400
ZClient::event()
W|still connecting: 0x7fe43384ea00
ZClient::event()
Connected: 0x7fe43384f000
ZClient::event()
W|still connecting: 0x7fe43384f600
ZClient::event()
W|still connecting: 0x7fe433850200
ZClient::event()
W|still connecting: 0x7fe433850800
ZClient::event()
W|still connecting: 0x7fe433850e00
ZClient::event()
Connected: 0x7fe433851400
ZClient::event()
W|still connecting: 0x7fe433851a00
ZClient::event()
W|still connecting: 0x7fe433852000
ZClient::event()
Connected: 0x7fe433852600
ZClient::event()
Connected: 0x7fe433852c00
ZClient::event()
W|still connecting: 0x7fe433853200
ZClient::event()
W|still connecting: 0x7fe433853800
ZClient::event()
W|still connecting: 0x7fe433853e00
ZClient::event()
W|still connecting: 0x7fe433854400
ZClient::event()
W|still connecting: 0x7fe433854a00
ZClient::event()
W|still connecting: 0x7fe433855000
ZClient::event()
W|still connecting: 0x7fe433855600
ZClient::event()
W|still connecting: 0x7fe433855c00
ZClient::event()
Connected: 0x7fe433856200
ZClient::event()
W|still connecting: 0x7fe433856800
ZClient::event()
W|still connecting: 0x7fe433856e00
ZClient::event()
W|still connecting: 0x7fe433857400
ZClient::event()
W|still connecting: 0x7fe433857a00
ZClient::event()
W|still connecting: 0x7fe433858000
ZClient::event()
W|still connecting: 0x7fe433858600
ZClient::event()
W|still connecting: 0x7fe433858c00
ZClient::event()
W|still connecting: 0x7fe433859200
ZClient::event()
W|still connecting: 0x7fe433859800
ZClient::event()
W|still connecting: 0x7fe433859e00
ZClient::event()
W|still connecting: 0x7fe43385a400
ZClient::event()
W|still connecting: 0x7fe43385aa00
ZClient::event()
W|still connecting: 0x7fe43385b000
ZClient::event()
W|still connecting: 0x7fe43385bc00
ZClient::event()
W|still connecting: 0x7fe43385c200
ZClient::event()
W|still connecting: 0x7fe43385c800
ZClient::event()
W|still connecting: 0x7fe43385ce00
ZClient::event()
W|still connecting: 0x7fe43385d400
ZClient::event()
W|still connecting: 0x7fe43385da00
ZClient::event()
W|still connecting: 0x7fe43385e000
ZClient::event()
Connected: 0x7fe43385e600
ZClient::event()
W|still connecting: 0x7fe43385ec00
ZClient::event()
W|still connecting: 0x7fe43385f200
ZClient::event()
W|still connecting: 0x7fe43385f800
ZClient::event()
W|still connecting: 0x7fe43385fe00
ZClient::event()
W|still connecting: 0x7fe433860a00
ZClient::event()
W|still connecting: 0x7fe433861000
ZClient::event()
W|still connecting: 0x7fe433861600
ZClient::event()
W|still connecting: 0x7fe433861c00
ZClient::event()
Connected: 0x7fe433862200
ZClient::event()
W|still connecting: 0x7fe433862800
ZClient::event()
W|still connecting: 0x7fe433862e00
ZClient::event()
W|still connecting: 0x7fe433863400
ZClient::event()
W|still connecting: 0x7fe433863a00
ZClient::event()
W|still connecting: 0x7fe433864000
ZClient::event()
W|still connecting: 0x7fe433864c00
ZClient::event()
W|still connecting: 0x7fe433865200
ZClient::event()
W|still connecting: 0x7fe433866800
ZClient::event()
W|still connecting: 0x7fe433866e00
ZClient::event()
W|still connecting: 0x7fe433867400
ZClient::event()
W|still connecting: 0x7fe433867a00
ZClient::event()
W|still connecting: 0x7fe433834800
ZClient::event()
W|still connecting: 0x7fe433869000
ZClient::event()
W|still connecting: 0x7fe433869600
ZClient::event()
W|still connecting: 0x7fe433869c00
ZClient::event()
W|still connecting: 0x7fe43386a200
ZClient::event()
W|still connecting: 0x7fe43386a800
ZClient::event()
W|still connecting: 0x7fe43386ae00
ZClient::event()
W|still connecting: 0x7fe43386b400
ZClient::event()
W|still connecting: 0x7fe43386ba00
ZClient::event()
W|still connecting: 0x7fe43386c000
ZClient::event()
W|still connecting: 0x7fe43386c600
ZClient::event()
W|still connecting: 0x7fe43386cc00
ZClient::event()
W|still connecting: 0x7fe43386d200
ZClient::event()
W|still connecting: 0x7fe43386d800
ZClient::event()
W|still connecting: 0x7fe43386de00
ZClient::event()
W|still connecting: 0x7fe43386e400
ZClient::event()
W|still connecting: 0x7fe43386ea00
ZClient::event()
W|still connecting: 0x7fe43386f000
ZClient::event()
W|still connecting: 0x7fe43386f600
ZClient::event()
W|still connecting: 0x7fe43386fc00
ZClient::event()
W|still connecting: 0x7fe433870200
ZClient::event()
W|still connecting: 0x7fe433870800
ZClient::event()
W|still connecting: 0x7fe433870e00
ZClient::event()
W|still connecting: 0x7fe433871a00
ZClient::event()
W|still connecting: 0x7fe433872000
ZClient::event()
W|still connecting: 0x7fe433872600
ZClient::event()
W|still connecting: 0x7fe433872c00
ZClient::event()
W|still connecting: 0x7fe433873200
ZClient::event()
W|still connecting: 0x7fe433873800
ZClient::event()
W|still connecting: 0x7fe433873e00
ZClient::event()
W|still connecting: 0x7fe433874400
ZClient::event()
W|still connecting: 0x7fe433874a00
ZClient::event()
W|still connecting: 0x7fe433875000
ZClient::event()
W|still connecting: 0x7fe433875600
ZClient::event()
W|still connecting: 0x7fe433875c00
ZClient::event()
W|still connecting: 0x7fe433876200
ZClient::event()
W|still connecting: 0x7fe433876800
ZClient::event()
W|still connecting: 0x7fe433876e00
ZClient::event()
W|still connecting: 0x7fe433877400
ZClient::event()
W|still connecting: 0x7fe433877a00
ZClient::event()
W|still connecting: 0x7fe433878000
ZClient::event()
W|still connecting: 0x7fe433878600
ZClient::event()
W|still connecting: 0x7fe433878c00
ZClient::event()
W|still connecting: 0x7fe433879200
ZClient::event()
W|still connecting: 0x7fe433879800
ZClient::event()
W|still connecting: 0x7fe433879e00
ZClient::event()
W|still connecting: 0x7fe43387a400
ZClient::event()
W|still connecting: 0x7fe43387aa00
ZClient::event()
W|still connecting: 0x7fe43387b000
ZClient::event()
W|still connecting: 0x7fe43387b600
ZClient::event()
W|still connecting: 0x7fe43387c200
ZClient::event()
W|still connecting: 0x7fe43387ce00
ZClient::event()
W|still connecting: 0x7fe43387d400
ZClient::event()
W|still connecting: 0x7fe43387da00
ZClient::event()
W|still connecting: 0x7fe43387e000
ZClient::event()
W|still connecting: 0x7fe43387e600
ZClient::event()
W|still connecting: 0x7fe43387ec00
ZClient::event()
W|still connecting: 0x7fe43387f200
ZClient::event()
W|still connecting: 0x7fe43387f800
ZClient::event()
W|still connecting: 0x7fe43387fe00
ZClient::event()
W|still connecting: 0x7fe433880400
ZClient::event()
W|still connecting: 0x7fe433880a00
ZClient::event()
W|still connecting: 0x7fe433881000
ZClient::event()
W|still connecting: 0x7fe433881600
ZClient::event()
W|still connecting: 0x7fe433881c00
ZClient::event()
W|still connecting: 0x7fe433882200
ZClient::event()
W|still connecting: 0x7fe433882800
ZClient::event()
W|still connecting: 0x7fe433882e00
ZClient::event()
W|still connecting: 0x7fe433883a00
ZClient::event()
W|still connecting: 0x7fe433884000
ZClient::event()
W|still connecting: 0x7fe433884600
ZClient::event()
Connected: 0x7fe433884c00
ZClient::event()
Connected: 0x7fe433885200
ZClient::event()
Connected: 0x7fe433885800
ZClient::event()
Connected: 0x7fe433885e00
ZClient::event()
Connected: 0x7fe433886400
ZClient::event()
Connected: 0x7fe433886a00
ZClient::event()
Connected: 0x7fe433887000
ZClient::event()
Connected: 0x7fe433887600
ZClient::event()
Connected: 0x7fe433888200
ZClient::event()
Connected: 0x7fe433888800
ZClient::event()
Connected: 0x7fe433888e00
ZClient::event()
Connected: 0x7fe433889400
ZClient::event()
Connected: 0x7fe43388a000
ZClient::event()
Connected: 0x7fe43388ac00
ZClient::event()
Connected: 0x7fe43388b200
ZClient::event()
Connected: 0x7fe43388b800
ZClient::event()
Connected: 0x7fe43388be00
ZClient::event()
Connected: 0x7fe43388c400
ZClient::event()
Connected: 0x7fe43388ca00
ZClient::event()
Connected: 0x7fe43388d000
ZClient::event()
Connected: 0x7fe43388d600
ZClient::event()
Connected: 0x7fe43388dc00
ZClient::event()
Connected: 0x7fe43388e200
ZClient::event()
Connected: 0x7fe43388e800
ZClient::event()
Connected: 0x7fe43388ee00
ZClient::event()
Connected: 0x7fe43388f400
ZClient::event()
Connected: 0x7fe43388fa00
ZClient::event()
Connected: 0x7fe433890000
ZClient::event()
Connected: 0x7fe433890600
ZClient::event()
Connected: 0x7fe433890c00
ZClient::event()
Connected: 0x7fe433891200
ZClient::event()
Connected: 0x7fe433891800
ZClient::event()
Connected: 0x7fe433891e00
ZClient::event()
Connected: 0x7fe433892400
ZClient::event()
Connected: 0x7fe433892a00
ZClient::event()
Connected: 0x7fe433893000
ZClient::event()
Connected: 0x7fe433893600
ZClient::event()
Connected: 0x7fe433893c00
ZClient::event()
Connected: 0x7fe433894200
ZClient::event()
Connected: 0x7fe433894800
ZClient::event()
Connected: 0x7fe433894e00
ZClient::event()
Connected: 0x7fe433895400
ZClient::event()
Connected: 0x7fe433895a00
ZClient::event()
Connected: 0x7fe433896000
ZClient::event()
Connected: 0x7fe433896600
ZClient::event()
Connected: 0x7fe433896c00
ZClient::event()
Connected: 0x7fe433897200
ZClient::event()
Connected: 0x7fe433897800
ZClient::event()
Connected: 0x7fe433897e00
ZClient::event()
Connected: 0x7fe433898400
ZClient::event()
Connected: 0x7fe433898a00
ZClient::event()
Connected: 0x7fe433899000
ZClient::event()
Connected: 0x7fe433899600
ZClient::event()
Connected: 0x7fe433899c00
ZClient::event()
Connected: 0x7fe43389a200
ZClient::event()
Connected: 0x7fe43389a800
ZClient::event()
Connected: 0x7fe43389ae00
ZClient::event()
Connected: 0x7fe43389b400
ZClient::event()
Connected: 0x7fe43389ba00
ZClient::event()
Connected: 0x7fe43389c000
ZClient::event()
Connected: 0x7fe43389c600
ZClient::event()
Connected: 0x7fe43389cc00
ZClient::event()
Connected: 0x7fe43389d200
ZClient::event()
Connected: 0x7fe43389d800
ZClient::event()
Connected: 0x7fe43389de00
ZClient::event()
Connected: 0x7fe43389e400
ZClient::event()
Connected: 0x7fe43389ea00
ZClient::event()
Connected: 0x7fe43389f000
ZClient::event()
Connected: 0x7fe43389f600
ZClient::event()
Connected: 0x7fe43389fc00
ZClient::event()
Connected: 0x7fe4338a0200
ZClient::event()
Connected: 0x7fe4338a0800
ZClient::event()
Connected: 0x7fe4338a0e00
ZClient::event()
Connected: 0x7fe4338a1400
ZClient::event()
Connected: 0x7fe4338a1a00
ZClient::event()
Connected: 0x7fe4338a2000
ZClient::event()
Connected: 0x7fe4338a2600
ZClient::event()
Connected: 0x7fe4338a2c00
ZClient::event()
Connected: 0x7fe4338a3200
ZClient::event()
Connected: 0x7fe4338a3800
ZClient::event()
Connected: 0x7fe4338a3e00
ZClient::event()
Connected: 0x7fe4338a4400
ZClient::event()
Connected: 0x7fe4338a4a00
ZClient::event()
Connected: 0x7fe4338a5000
ZClient::event()
Connected: 0x7fe4338a5600
ZClient::event()
Connected: 0x7fe4338a5c00
ZClient::event()
Connected: 0x7fe4338a6200
ZClient::event()
Connected: 0x7fe4338a6800
ZClient::event()
Connected: 0x7fe4338a6e00
ZClient::event()
Connected: 0x7fe4338a7400
ZClient::event()
Connected: 0x7fe4338a7a00
ZClient::event()
Connected: 0x7fe4338a8000
ZClient::event()
Connected: 0x7fe4338a8600
ZClient::event()
Connected: 0x7fe4338a8c00
ZClient::event()
Connected: 0x7fe4338a9200
ZClient::event()
Connected: 0x7fe4338a9800
ZClient::event()
Connected: 0x7fe4338a9e00
ZClient::event()
Connected: 0x7fe4338aa400
ZClient::event()
Connected: 0x7fe4338aaa00
ZClient::event()
Connected: 0x7fe4338ab000
ZClient::event()
Connected: 0x7fe4338ab600
ZClient::event()
Connected: 0x7fe4338abc00
ZClient::event()
Connected: 0x7fe4338ac200
ZClient::event()
Connected: 0x7fe4338ac800
ZClient::event()
Connected: 0x7fe4338ad400
ZClient::event()
Connected: 0x7fe4338ada00
ZClient::event()
Connected: 0x7fe4338ae600
ZClient::event()
Connected: 0x7fe4338aec00
ZClient::event()
Connected: 0x7fe4338af200
ZClient::event()
Connected: 0x7fe4338af800
ZClient::event()
Connected: 0x7fe4338afe00
ZClient::event()
Connected: 0x7fe4338b0400
ZClient::event()
Connected: 0x7fe4338b0a00
ZClient::event()
Connected: 0x7fe4338b1000
ZClient::event()
Connected: 0x7fe4338b1600
ZClient::event()
Connected: 0x7fe4338b1c00
ZClient::event()
Connected: 0x7fe4338b2200
ZClient::event()
Connected: 0x7fe4338b2800
ZClient::event()
Connected: 0x7fe4338b2e00
ZClient::event()
Connected: 0x7fe4338b3400
ZClient::event()
Connected: 0x7fe4338b3a00
ZClient::event()
Co