ACTIVITY MANAGER PENDING INTENTS (dumpsys activity intents)
  * PendingIntentRecord{41c884a0 android startActivity}
  * PendingIntentRecord{421fc6f8 com.huawei.android.pushagent broadcastIntent}
  * PendingIntentRecord{425d9300 com.android.systemui startActivity}
  * PendingIntentRecord{42411390 com.google.android.gsf broadcastIntent}
  * PendingIntentRecord{4254b520 com.android.easou.search startActivity}
  * PendingIntentRecord{41a279f8 android broadcastIntent}
  * PendingIntentRecord{41b1d458 android startActivity}
  * PendingIntentRecord{41c37c10 android broadcastIntent}
  * PendingIntentRecord{4239af98 com.android.calendar broadcastIntent}
  * PendingIntentRecord{41939a08 com.huawei.android.toolbox broadcastIntent}
  * PendingIntentRecord{41aa5498 com.huawei.android.toolbox broadcastIntent}
  * PendingIntentRecord{4242d048 com.android.providers.calendar broadcastIntent}
  * PendingIntentRecord{41bc8620 com.huawei.android.toolbox broadcastIntent}
  * PendingIntentRecord{41bcbb68 android startActivity}
  * PendingIntentRecord{423fdd90 com.google.android.gsf broadcastIntent}
  * PendingIntentRecord{41be1ec8 com.android.easou.search startActivity}
  * PendingIntentRecord{41a10888 com.huawei.android.toolbox broadcastIntent}
  * PendingIntentRecord{41a63b30 android broadcastIntent}
  * PendingIntentRecord{41b07a00 com.huawei.android.toolbox broadcastIntent}
  * PendingIntentRecord{421dd758 com.google.android.gsf startService}
  * PendingIntentRecord{41b13488 com.huawei.android.toolbox broadcastIntent}
  * PendingIntentRecord{41b24c38 com.huawei.android.toolbox broadcastIntent}
  * PendingIntentRecord{4192dd58 com.huawei.qqpimsecure startActivity}
  * PendingIntentRecord{42539b78 com.android.phone broadcastIntent}
  * PendingIntentRecord{41ba3d88 com.android.providers.calendar broadcastIntent}
  * PendingIntentRecord{419ffcf0 android broadcastIntent}
  * PendingIntentRecord{41874a40 com.huawei.android.pushagent broadcastIntent}
  * PendingIntentRecord{41840c00 android broadcastIntent}
  * PendingIntentRecord{41ae4138 com.huawei.android.toolbox broadcastIntent}
  * PendingIntentRecord{41a66108 android broadcastIntent}
  * PendingIntentRecord{41aefdf0 android broadcastIntent}
  * PendingIntentRecord{419518b0 android broadcastIntent}
  * PendingIntentRecord{41b15db0 com.google.android.gsf broadcastIntent}
  * PendingIntentRecord{41a84d08 android broadcastIntent}
  * PendingIntentRecord{418a63f8 com.android.settings broadcastIntent}
  * PendingIntentRecord{41a54e58 com.huawei.android.pushagent broadcastIntent}
  * PendingIntentRecord{41c57830 com.google.android.gsf broadcastIntent}
  * PendingIntentRecord{424214e0 com.android.contacts broadcastIntent}
  * PendingIntentRecord{41b26ca0 android broadcastIntent}
  * PendingIntentRecord{41c37d90 android broadcastIntent}
  * PendingIntentRecord{41a61548 com.android.settings broadcastIntent}
  * PendingIntentRecord{421faed0 com.huawei.android.pushagent broadcastIntent}
  * PendingIntentRecord{421fb348 com.huawei.android.pushagent broadcastIntent}
  * PendingIntentRecord{41bac658 com.huawei.android.toolbox broadcastIntent}
  * PendingIntentRecord{42882328 com.android.gallery3d broadcastIntent}
  * PendingIntentRecord{41bd3300 com.android.contacts broadcastIntent}
  * PendingIntentRecord{4187c508 com.android.contacts broadcastIntent}
  * PendingIntentRecord{41bbbd40 android startActivity}
  * PendingIntentRecord{41ae9380 android broadcastIntent}
  * PendingIntentRecord{41a7e258 android startActivity}
  * PendingIntentRecord{41b72430 android broadcastIntent}
  * PendingIntentRecord{419386e0 android broadcastIntent}
  * PendingIntentRecord{42544e60 com.huawei.hiwiservice.android broadcastIntent}
  * PendingIntentRecord{41bcc078 com.android.contacts broadcastIntent}
  * PendingIntentRecord{419f27e0 android broadcastIntent}
  * PendingIntentRecord{41a5dd98 com.huawei.android.pushagent broadcastIntent}
  * PendingIntentRecord{41b36900 android broadcastIntent}
  * PendingIntentRecord{422035d0 com.huawei.qqpimsecure broadcastIntent}
  * PendingIntentRecord{428c81a0 com.huawei.android.totemweather broadcastIntent}
  * PendingIntentRecord{41a014f0 com.android.settings broadcastIntent}
  * PendingIntentRecord{41ad4050 com.huawei.android.toolbox broadcastIntent}
  * PendingIntentRecord{423fed60 com.huawei.hiwiservice.android broadcastIntent}
  * PendingIntentRecord{4180bf68 com.android.settings broadcastIntent}
  * PendingIntentRecord{4293bce8 com.huawei.KoBackup broadcastIntent}
  * PendingIntentRecord{4198a2a8 com.android.settings broadcastIntent}
  * PendingIntentRecord{4220b950 com.android.easou.search startActivity}
 
ACTIVITY MANAGER BROADCAST STATE (dumpsys activity broadcasts)
  Historical broadcasts [background]:
  #0: BroadcastRecord{42666298 android.intent.action.BATTERY_CHANGED}
  #1: BroadcastRecord{4284a670 android.intent.action.BATTERY_CHANGED}
  #2: BroadcastRecord{428472b8 android.intent.action.BATTERY_CHANGED}
  #3: BroadcastRecord{42943410 android.intent.action.TIME_TICK}
  #4: BroadcastRecord{42711dd0 android.intent.action.BATTERY_CHANGED}
  #5: BroadcastRecord{4258a3b0 com.android.server.ThrottleManager.action.POLL}
  #6: BroadcastRecord{41c3e570 android.intent.action.BATTERY_CHANGED}
  #7: BroadcastRecord{42596530 android.intent.action.TIME_TICK}
  #8: BroadcastRecord{42821b80 android.intent.action.BATTERY_CHANGED}
  #9: BroadcastRecord{42938f00 android.intent.action.BATTERY_CHANGED}
  #10: BroadcastRecord{427804b0 android.intent.action.BATTERY_CHANGED}
  #11: BroadcastRecord{42caca78 android.intent.action.TIME_TICK}
  #12: BroadcastRecord{4288c930 android.intent.action.BATTERY_CHANGED}
  #13: BroadcastRecord{42a52cd0 android.intent.action.BATTERY_CHANGED}
  #14: BroadcastRecord{4255bae8 android.intent.action.BATTERY_CHANGED}
  #15: BroadcastRecord{42205f18 android.intent.action.TIME_TICK}
  #16: BroadcastRecord{4258f560 android.intent.action.BATTERY_CHANGED}
  #17: BroadcastRecord{424055b0 android.intent.action.BATTERY_CHANGED}
  #18: BroadcastRecord{427f5048 android.intent.action.BATTERY_CHANGED}
  #19: BroadcastRecord{427b1958 android.intent.action.TIME_TICK}
  #20: BroadcastRecord{428650a0 android.intent.action.BATTERY_CHANGED}
  #21: BroadcastRecord{421e7ad0 android.intent.action.BATTERY_CHANGED}
  #22: BroadcastRecord{4242ea10 android.ActivityState.CHANGE}
  #23: BroadcastRecord{4269abf8 android.intent.action.BATTERY_CHANGED}
  #24: BroadcastRecord{423ed718 android.ActivityState.CHANGE}

  Sticky broadcasts:
  * Sticky action android.media.SCO_AUDIO_STATE_CHANGED
  * Sticky action android.hardware.usb.action.USB_STATE
  * Sticky action android.provider.Telephony.SPN_STRINGS_UPDATED
  * Sticky action android.net.nsd.STATE_CHANGED
  * Sticky action android.intent.action.BATTERY_CHANGED
  * Sticky action android.net.wifi.p2p.CONNECTION_STATE_CHANGE
  * Sticky action android.intent.action.SIM_STATE_CHANGED
  * Sticky action android.intent.action.SIG_STR
  * Sticky action android.intent.action.SERVICE_STATE
  * Sticky action android.intent.action.HDMI_PLUGGED
  * Sticky action android.media.ACTION_SCO_AUDIO_STATE_UPDATED
  * Sticky action android.net.thrott.THROTTLE_ACTION
  * Sticky action android.media.MASTER_MUTE_CHANGED_ACTION
  * Sticky action android.net.wifi.p2p.THIS_DEVICE_CHANGED
  * Sticky action android.net.conn.CONNECTIVITY_CHANGE_IMMEDIATE
  * Sticky action android.net.conn.CONNECTIVITY_CHANGE
  * Sticky action android.net.wifi.supplicant.STATE_CHANGE
  * Sticky action android.net.conn.TETHER_STATE_CHANGED
  * Sticky action android.net.conn.INET_CONDITION_ACTION
  * Sticky action android.net.wifi.WIFI_STATE_CHANGED
  * Sticky action android.net.thrott.POLL_ACTION
  * Sticky action android.net.wifi.STATE_CHANGE
  * Sticky action android.media.RINGER_MODE_CHANGED
  * Sticky action android.os.UpdateLock.UPDATE_LOCK_CHANGED
  * Sticky action android.intent.action.ANY_DATA_STATE
  * Sticky action android.net.wifi.p2p.STATE_CHANGED
 
ACTIVITY MANAGER CONTENT PROVIDERS (dumpsys activity providers)
  Published content providers (by class):
  * ContentProviderRecord{41b3e120 com.huawei.permissionmanager/.db.PermissionDataProvider}
    proc=ProcessRecord{425adc20 1568:com.huawei.permissionmanager/1000}
    authority=com.huawei.permissionmanager.provider.PermissionDataProvider
  * ContentProviderRecord{418d9e78 com.android.phone/.IccProvider}
    proc=ProcessRecord{419e4af0 575:com.android.phone/1001}
    authority=icc
  * ContentProviderRecord{41837670 com.android.providers.telephony/.MmsSmsProvider}
    proc=ProcessRecord{419e4af0 575:com.android.phone/1001}
    authority=mms-sms
  * ContentProviderRecord{4189fa60 com.android.providers.telephony/.MmsProvider}
    proc=ProcessRecord{419e4af0 575:com.android.phone/1001}
    authority=mms
  * ContentProviderRecord{417ef660 com.android.phone/.MSimIccProvider}
    proc=ProcessRecord{419e4af0 575:com.android.phone/1001}
    authority=iccmsim
  * ContentProviderRecord{418851c8 com.android.providers.settings/.SettingsProvider}
    proc=ProcessRecord{4189dde0 326:system/1000}
    authority=settings
    17 connections, 0 external handles
      -> 407:com.android.systemui/u0a72 s1/1 u0/0 +12m50s222ms
      -> 500:com.huawei.android.toolbox/1000 s1/1 u0/0 +12m49s957ms
      -> 538:com.android.settings/1000 s1/1 u0/0 +12m49s698ms
      -> 552:com.huawei.inputmethod.hwpal/u0a29 s1/1 u0/0 +12m49s304ms
      -> 641:com.broadcom.bt.app.system/1002 s1/1 u0/0 +12m49s90ms
      -> 684:com.baidu.map.location/u0a60 s1/1 u0/0 +12m48s979ms
      -> 575:com.android.phone/1001 s1/1 u0/0 +12m48s866ms
      -> 598:com.huawei.smartpower/1000 s1/1 u0/0 +12m48s853ms
      -> 710:com.baidu.map.location:remote/u0a60 s1/1 u0/0 +12m48s741ms
      -> 869:com.huawei.message/u0a35 s1/1 u0/0 +12m46s670ms
      -> 1091:com.huawei.message:pushservice/u0a35 s1/1 u0/0 +12m43s499ms
      -> 656:com.huawei.android.launcher/u0a30 s1/1 u0/0 +12m41s9ms
      -> 1542:com.huawei.motionservice/1000 s1/1 u0/0 +12m35s275ms
      -> 988:com.google.process.gapps/u0a17 s1/1 u0/0 +12m33s20ms
      -> 769:android.process.media/u0a10 s1/1 u0/0 +12m32s27ms
      -> 1802:com.android.defcontainer/u0a9 s1/1 u0/0 +10m38s967ms
      -> 2182:com.letsmidi.monsys/u0a80 s1/1 u0/0 +6m42s755ms
  * ContentProviderRecord{4186a760 com.android.providers.telephony/.SmsProvider}
    proc=ProcessRecord{419e4af0 575:com.android.phone/1001}
    authority=sms
  * ContentProviderRecord{418efdb8 com.android.providers.telephony/.TelephonyProvider}
    proc=ProcessRecord{419e4af0 575:com.android.phone/1001}
    authority=telephony
  * ContentProviderRecord{418e1f50 com.android.phone/.HWPhoneProvider}
    proc=ProcessRecord{419e4af0 575:com.android.phone/1001}
    authority=hwphone
  * ContentProviderRecord{425d8d88 com.google.android.gsf/.gservices.GservicesProvider}
    proc=ProcessRecord{425d5330 988:com.google.process.gapps/u0a17}
    authority=com.google.android.gsf.gservices
  * ContentProviderRecord{425c5b00 com.huawei.vsim/com.huawei.android.vsim.providers.VSimInfoProvider}
    proc=ProcessRecord{425ab068 878:com.huawei.vsim/u0a78}
    authority=com.huawei.android.vsim
  * ContentProviderRecord{419f0f20 com.huawei.inputmethod.hwpal/.HwIMEContentProvider}
    proc=ProcessRecord{41bd4670 552:com.huawei.inputmethod.hwpal/u0a29}
    authority=com.huawei.inputmethod.hwpal
  * ContentProviderRecord{41c2db30 com.android.providers.contacts/.VoicemailContentProvider}
    proc=ProcessRecord{41b37640 822:android.process.acore/u0a1}
    authority=com.android.voicemail
  * ContentProviderRecord{41a72990 com.huawei.android.hwpowermanager/.provider.SmartProvider}
    proc=ProcessRecord{41b304f8 671:com.huawei.android.hwpowermanager/u0a40}
    launchingApp=ProcessRecord{41b304f8 671:com.huawei.android.hwpowermanager/u0a40}
    authority=com.huawei.android.batteryspriteprovider
  * ContentProviderRecord{425a2c60 com.huawei.message/com.hotalk.server.db.HotalkContentProvider}
    proc=ProcessRecord{425a33f8 869:com.huawei.message/u0a35}
    launchingApp=ProcessRecord{425a33f8 869:com.huawei.message/u0a35}
    authority=com.huawei.message
  * ContentProviderRecord{425d8c48 com.google.android.gsf/.subscribedfeeds.SubscribedFeedsProvider}
    proc=ProcessRecord{425d5330 988:com.google.process.gapps/u0a17}
    authority=subscribedfeeds
  * ContentProviderRecord{42537270 com.huawei.numberlocation/.NLContentProvider}
    proc=ProcessRecord{41be5630 1555:com.huawei.numberlocation/u0a37}
    authority=com.huawei.numberlocation
  * ContentProviderRecord{42206148 com.svox.pico/.providers.SettingsProvider}
    proc=ProcessRecord{421ce728 1938:com.svox.pico/u0a67}
    authority=com.svox.pico.providers.SettingsProvider
  * ContentProviderRecord{419085e8 com.huawei.android.launcher/.LauncherProvider}
    proc=ProcessRecord{41b1e940 656:com.huawei.android.launcher/u0a30}
    authority=com.huawei.android.launcher.settings
  * ContentProviderRecord{41a598f8 com.android.contacts/.preinstalled.PreInstalledProvider}
    proc=ProcessRecord{41bc9520 928:com.android.contacts/u0a1}
    authority=com.android.contacts.pre_installed
  * ContentProviderRecord{42900e18 com.huawei.gamebox/.downloader.provider.DownloadDbProvider}
    proc=ProcessRecord{417edb08 1838:com.huawei.gamebox/u0a16}
    authority=com.huawei.gamebox.downloader.provider
  * ContentProviderRecord{41baa0d0 com.android.providers.applications/.ApplicationsProvider}
    proc=ProcessRecord{41b37640 822:android.process.acore/u0a1}
    authority=applications
  * ContentProviderRecord{4259e0a8 com.android.easou.search/.web.EasouSuggestionProvider}
    proc=ProcessRecord{423fa1b0 1689:com.android.easou.search/u0a43}
    authority=com.android.easou.search.easou
  * ContentProviderRecord{41a89308 com.android.providers.media/.MediaProvider}
    proc=ProcessRecord{419de920 769:android.process.media/u0a10}
    authority=media
    1 connections, 0 external handles
      -> 869:com.huawei.message/u0a35 s1/2 u0/2 +12m40s406ms
  * ContentProviderRecord{423907c0 com.huawei.android.mewidget/.provider.MeWidgetDataProvider}
    proc=ProcessRecord{423fde30 1676:com.huawei.android.mewidget/u0a33}
    authority=com.huawei.android.mewidget
  * ContentProviderRecord{4259e170 com.android.easou.search/.ShortcutsProvider}
    proc=ProcessRecord{423fa1b0 1689:com.android.easou.search/u0a43}
    authority=com.android.easou.search.shortcuts
  * ContentProviderRecord{41a76430 com.android.providers.downloads/.DownloadProvider}
    proc=ProcessRecord{419de920 769:android.process.media/u0a10}
    authority=downloads
  * ContentProviderRecord{42a625d8 com.android.gallery3d/.provider.GalleryProvider}
    proc=ProcessRecord{42a58a50 1818:com.android.gallery3d/u0a15}
    authority=com.android.gallery3d.provider
  * ContentProviderRecord{425d89b0 com.google.android.gsf/.settings.GoogleSettingsProvider}
    proc=ProcessRecord{425d5330 988:com.google.process.gapps/u0a17}
    authority=com.google.settings
  * ContentProviderRecord{41a5be18 com.android.providers.drm/.DrmProvider}
    proc=ProcessRecord{419de920 769:android.process.media/u0a10}
    authority=drm
  * ContentProviderRecord{425d8e40 com.google.android.gsf/.talk.TalkProvider}
    proc=ProcessRecord{425d5330 988:com.google.process.gapps/u0a17}
    authority=com.google.android.providers.talk
  * ContentProviderRecord{41b65eb8 com.huawei.android.wfdft/.provider.WiFiDirectProvider}
    proc=ProcessRecord{41a5c618 519:com.huawei.android.wfdft/u0a51}
    authority=com.huawei.android.wfdft
  * ContentProviderRecord{423a6940 com.android.providers.calendar/.CalendarProvider2}
    proc=ProcessRecord{41a9ee08 1402:com.android.providers.calendar/u0a7}
    launchingApp=ProcessRecord{41a9ee08 1402:com.android.providers.calendar/u0a7}
    authority=com.android.calendar
  * ContentProviderRecord{428e91d0 com.huawei.gamebox/.provider.DbProvider}
    proc=ProcessRecord{417edb08 1838:com.huawei.gamebox/u0a16}
    authority=com.huawei.gamebox.appinfos
  * ContentProviderRecord{41baa1a8 com.android.providers.contacts/.ContactsProvider2}
    proc=ProcessRecord{41b37640 822:android.process.acore/u0a1}
    launchingApp=ProcessRecord{41b37640 822:android.process.acore/u0a1}
    authority=contacts;com.android.contacts
  * ContentProviderRecord{41b8c608 com.android.providers.contacts/.CallLogProvider}
    proc=ProcessRecord{41b37640 822:android.process.acore/u0a1}
    launchingApp=ProcessRecord{41b37640 822:android.process.acore/u0a1}
    authority=call_log
  * ContentProviderRecord{41c2dc10 com.android.providers.userdictionary/.UserDictionaryProvider}
    proc=ProcessRecord{41b37640 822:android.process.acore/u0a1}
    authority=user_dictionary
 
ACTIVITY MANAGER SERVICES (dumpsys activity services)
  Active services:
  * ServiceRecord{418e3158 com.android.phone/.TelephonyDebugService}
    app=ProcessRecord{419e4af0 575:com.android.phone/1001}
    created=-12m48s462ms started=true connections=0
  * ServiceRecord{425b7590 com.huawei.motionservice/.MotionService}
    app=ProcessRecord{41b9e068 1542:com.huawei.motionservice/1000}
    created=-12m35s293ms started=true connections=0
  * ServiceRecord{42599258 com.android.mediacenter/.localmusic.MediaPlaybackService}
    app=null
    created=-12m40s845ms started=false connections=1
    Connections:
       -> 656:com.huawei.android.launcher/u0a30
  * ServiceRecord{41bbeaa8 com.android.smspush/.WapPushManager}
    app=ProcessRecord{41b39bf8 801:com.android.smspush/u0a75}
    created=-12m48s519ms started=false connections=3
    Connections:
      act=com.android.internal.telephony.IWapPushManager -> 575:com.android.phone/1001
      act=com.android.internal.telephony.IWapPushManager -> 575:com.android.phone/1001
      act=com.android.internal.telephony.IWapPushManager -> 575:com.android.phone/1001
  * ServiceRecord{4259dfb0 com.huawei.numberlocation/.CallSecService}
    app=ProcessRecord{41be5630 1555:com.huawei.numberlocation/u0a37}
    created=-12m35s162ms started=true connections=0
  * ServiceRecord{42319a78 com.huawei.android.mewidget/.MeWidgetService}
    app=ProcessRecord{423fde30 1676:com.huawei.android.mewidget/u0a33}
    created=-12m33s434ms started=true connections=0
  * ServiceRecord{41bbcd68 com.huawei.inputmethod.hwpal/.BaiduEngineService}
    app=ProcessRecord{41bd4670 552:com.huawei.inputmethod.hwpal/u0a29}
    created=-12m49s465ms started=false connections=2
    Connections:
       -> 552:com.huawei.inputmethod.hwpal/u0a29
       -> 552:com.huawei.inputmethod.hwpal/u0a29
  * ServiceRecord{41b524d8 com.huawei.message/com.hotalk.server.service.HotalkService}
    app=ProcessRecord{425a33f8 869:com.huawei.message/u0a35}
    created=-12m43s900ms started=true connections=0
  * ServiceRecord{425a8198 com.huawei.android.wfdft/.ftc.service.FTCService}
    app=ProcessRecord{4192cde0 752:com.huawei.android.wfdft:FTCserv/u0a51}
    created=-12m47s694ms started=true connections=0
  * ServiceRecord{41b97490 com.baidu.map.location/com.baidu.location.f}
    app=ProcessRecord{41939aa8 710:com.baidu.map.location:remote/u0a60}
    created=-12m48s944ms started=false connections=1
    Connections:
      act=com.baidu.locationx.service -> 684:com.baidu.map.location/u0a60
  * ServiceRecord{41c86fc0 com.android.systemui/.SystemUIService}
    app=ProcessRecord{419324d0 407:com.android.systemui/u0a72}
    created=-12m50s603ms started=true connections=0
  * ServiceRecord{425a6550 com.huawei.android.wfdft/.fts.service.FTSService}
    app=ProcessRecord{418ce940 734:com.huawei.android.wfdft:FTSserv/u0a51}
    created=-12m47s704ms started=true connections=0
  * ServiceRecord{41c4b6e0 com.android.dolbymobileaudioeffect/.DolbyMobileAudioEffectService}
    app=ProcessRecord{41bd5470 1508:com.android.dolbymobileaudioeffect/1000}
    created=-12m36s40ms started=true connections=0
  * ServiceRecord{425abf10 com.android.providers.media/.MediaScannerService}
    app=ProcessRecord{419de920 769:android.process.media/u0a10}
    created=-12m34s355ms started=true connections=0
  * ServiceRecord{41bb4bc0 com.baidu.map.location/.BaiduNetworkLocationService}
    app=ProcessRecord{41b49410 684:com.baidu.map.location/u0a60}
    created=-12m49s360ms started=false connections=2
    Connections:
      act=com.android.location.service.GeocodeProvider -> 326:system/1000
      act=com.android.location.service.NetworkLocationProvider -> 326:system/1000
  * ServiceRecord{425c0910 com.android.contacts/.hap.sim.SimStateHandlerService}
    app=ProcessRecord{41bc9520 928:com.android.contacts/u0a1}
    created=-12m46s351ms started=true connections=0
  * ServiceRecord{425b2a28 com.huawei.qqpimsecure/.service.SecureService}
    app=ProcessRecord{417e1dd8 1227:com.huawei.qqpimsecure/u0a76}
    created=-12m40s955ms started=true connections=0
  * ServiceRecord{41bd30a8 com.huawei.pmqos/.PmqosService}
    app=ProcessRecord{41aa6068 628:com.huawei.pmqos/1000}
    created=-12m34s343ms started=true connections=0
  * ServiceRecord{425bf400 com.huawei.android.mewidget/com.huawei.android.widgetunit.photo.GalleryUnitService}
    app=ProcessRecord{423fde30 1676:com.huawei.android.mewidget/u0a33}
    created=-12m32s678ms started=true connections=0
  * ServiceRecord{42590b50 com.android.stk/.StkAppService}
    app=ProcessRecord{419e4af0 575:com.android.phone/1001}
    created=-12m34s127ms started=true connections=0
  * ServiceRecord{41a659e8 com.huawei.inputmethod.hwpal/.PinyinIME}
    app=ProcessRecord{41bd4670 552:com.huawei.inputmethod.hwpal/u0a29}
    created=-12m49s871ms started=false connections=1
    Connections:
      act=android.view.InputMethod -> 326:system/1000
  * ServiceRecord{4253c9a0 com.huawei.permissionmanager/com.huawei.permission.HoldService}
    app=ProcessRecord{425cf850 1581:com.huawei.permissionmanager:remote/1000}
    created=-12m35s30ms started=true connections=0
  * ServiceRecord{42402c60 com.android.phone/.BluetoothHeadsetService}
    app=ProcessRecord{419e4af0 575:com.android.phone/1001}
    created=-12m48s126ms started=true connections=1
    Connections:
      act=android.bluetooth.IBluetoothHeadset -> 326:system/1000
  * ServiceRecord{41bbf1a0 com.android.systemui/.ImageWallpaper}
    app=ProcessRecord{419324d0 407:com.android.systemui/u0a72}
    created=-12m49s901ms started=false connections=1
    Connections:
      act=android.service.wallpaper.WallpaperService -> 326:system/1000
  * ServiceRecord{425b73e8 com.huawei.android.mewidget/com.huawei.android.widgetunit.contact.ContactService}
    app=ProcessRecord{423fde30 1676:com.huawei.android.mewidget/u0a33}
    created=-12m32s665ms started=true connections=0
  * ServiceRecord{42398878 com.google.android.gsf/.gtalkservice.service.GTalkService}
    app=ProcessRecord{425d5330 988:com.google.process.gapps/u0a17}
    created=-12m44s649ms started=true connections=0
  * ServiceRecord{425397e0 com.huawei.smartpower/.SmartPowerService}
    app=ProcessRecord{419f0088 598:com.huawei.smartpower/1000}
    created=-12m34s889ms started=true connections=0
 
ACTIVITY MANAGER ACTIVITIES (dumpsys activity activities)
  Main stack:
    TaskRecord{423a2278 #6 A com.letsmidi.monsys U 0}
    Intent { act=android.intent.action.MAIN cat=[android.intent.category.LAUNCHER] flg=0x10200000 cmp=com.letsmidi.monsys/.MainActivity }
      Hist #2: ActivityRecord{426d46a8 com.letsmidi.monsys/.LoginActivity}
        Intent { cmp=com.letsmidi.monsys/.LoginActivity }
        ProcessRecord{425a4d38 2182:com.letsmidi.monsys/u0a80}
      Hist #1: ActivityRecord{41c3cf48 com.letsmidi.monsys/.MainActivity}
        Intent { act=android.intent.action.MAIN cat=[android.intent.category.LAUNCHER] flg=0x10200000 cmp=com.letsmidi.monsys/.MainActivity bnds=[8,328][184,584] }
        ProcessRecord{425a4d38 2182:com.letsmidi.monsys/u0a80}
    TaskRecord{41aec950 #2 A com.huawei.android.launcher U 0}
    Intent { act=android.intent.action.MAIN cat=[android.intent.category.HOME] flg=0x10600000 cmp=com.huawei.android.launcher/.Launcher }
      Hist #0: ActivityRecord{417f66b8 com.huawei.android.launcher/.Launcher}
        Intent { act=android.intent.action.MAIN cat=[android.intent.category.HOME] flg=0x10000000 cmp=com.huawei.android.launcher/.Launcher }
        ProcessRecord{41b1e940 656:com.huawei.android.launcher/u0a30}
 
  Running activities (most recent first):
    TaskRecord{423a2278 #6 A com.letsmidi.monsys U 0}
      Run #2: ActivityRecord{426d46a8 com.letsmidi.monsys/.LoginActivity}
      Run #1: ActivityRecord{41c3cf48 com.letsmidi.monsys/.MainActivity}
    TaskRecord{41aec950 #2 A com.huawei.android.launcher U 0}
      Run #0: ActivityRecord{417f66b8 com.huawei.android.launcher/.Launcher}
 
  mResumedActivity: ActivityRecord{426d46a8 com.letsmidi.monsys/.LoginActivity}
  mFocusedActivity: ActivityRecord{426d46a8 com.letsmidi.monsys/.LoginActivity}

  Recent tasks:
  * Recent #0: TaskRecord{423a2278 #6 A com.letsmidi.monsys U 0}
  * Recent #1: TaskRecord{41aec950 #2 A com.huawei.android.launcher U 0}
 
ACTIVITY MANAGER RUNNING PROCESSES (dumpsys activity processes)
  Process LRU list (sorted by oom_adj):
    PERS # 6: adj=sys  /F  trm= 0 326:system/1000 (fixed)
    PERS #47: adj=pers /F  trm= 0 641:com.broadcom.bt.app.system/1002 (fixed)
    PERS #40: adj=pers /F  trm= 0 628:com.huawei.pmqos/1000 (fixed)
    PERS #33: adj=pers /F  trm= 0 598:com.huawei.smartpower/1000 (fixed)
    PERS # 9: adj=pers /F  trm= 0 613:com.huawei.android.pushagent/u0a42 (fixed)
    PERS # 5: adj=pers /F  trm= 0 575:com.android.phone/1001 (fixed)
    PERS # 3: adj=pers /F  trm= 0 407:com.android.systemui/u0a72 (fixed)
    Proc #14: adj=fore /F  trm= 0 928:com.android.contacts/u0a1 (contacts)
    Proc # 7: adj=fore /FA trm= 0 2182:com.letsmidi.monsys/u0a80 (top-activity)
    Proc # 4: adj=vis  /F  trm= 0 801:com.android.smspush/u0a75 (service)
        com.android.smspush/.WapPushManager<=Proc{575:com.android.phone/1001}
    Proc # 2: adj=vis  /B  trm= 0 684:com.baidu.map.location/u0a60 (service)
        com.baidu.map.location/.BaiduNetworkLocationService<=Proc{326:system/1000}
    Proc # 1: adj=vis  /B  trm= 0 710:com.baidu.map.location:remote/u0a60 (service)
        com.baidu.map.location/com.baidu.location.f<=Proc{684:com.baidu.map.location/u0a60}
    Proc #44: adj=prcp /FS trm= 0 1508:com.android.dolbymobileaudioeffect/1000 (foreground-service)
    Proc #29: adj=prcp /FS trm= 0 1227:com.huawei.qqpimsecure/u0a76 (foreground-service)
    Proc # 0: adj=prcp /F  trm= 0 552:com.huawei.inputmethod.hwpal/u0a29 (service)
        com.huawei.inputmethod.hwpal/.PinyinIME<=Proc{326:system/1000}
    Proc # 8: adj=hvy  /F  trm= 0 656:com.huawei.android.launcher/u0a30 (launcher)
    Proc #31: adj=svc  /B  trm= 0 869:com.huawei.message/u0a35 (started-services)
    Proc #30: adj=svc  /B  trm= 0 769:android.process.media/u0a10 (started-services)
    Proc #26: adj=svc  /B  trm= 0 988:com.google.process.gapps/u0a17 (started-services)
    Proc #23: adj=svc  /B  trm= 0 1676:com.huawei.android.mewidget/u0a33 (started-services)
    Proc #46: adj=svcb /B  trm= 0 734:com.huawei.android.wfdft:FTSserv/u0a51 (started-services)
    Proc #45: adj=svcb /B  trm= 0 752:com.huawei.android.wfdft:FTCserv/u0a51 (started-services)
    Proc #43: adj=svcb /B  trm= 0 1542:com.huawei.motionservice/1000 (started-services)
    Proc #42: adj=svcb /B  trm= 0 1581:com.huawei.permissionmanager:remote/1000 (started-services)
    Proc #41: adj=svcb /B  trm= 0 1555:com.huawei.numberlocation/u0a37 (started-services)
    Proc #16: adj=bak  /B  trm= 0 1952:com.huawei.KoBackup/1001 (bg-empty)
    Proc #15: adj=bak  /B  trm= 0 1891:com.huawei.lca/1000 (bg-empty)
    Proc #13: adj=bak  /B  trm= 0 822:android.process.acore/u0a1 (bg-empty)
    Proc #12: adj=bak  /B  trm= 0 1838:com.huawei.gamebox/u0a16 (bg-empty)
    Proc #11: adj=bak  /B  trm= 0 1091:com.huawei.message:pushservice/u0a35 (bg-empty)
    Proc #10: adj=bak  /B  trm= 0 1802:com.android.defcontainer/u0a9 (bg-empty)
    Proc #22: adj=bak+1/B  trm= 0 1170:com.huawei.android.remotecontrol:pushservice/1001 (bg-empty)
    Proc #21: adj=bak+1/B  trm= 0 1185:com.huawei.phoneservice:pushservice/u0a39 (bg-empty)
    Proc #20: adj=bak+1/B  trm= 0 538:com.android.settings/1000 (bg-empty)
    Proc #19: adj=bak+1/B  trm= 0 1568:com.huawei.permissionmanager/1000 (bg-empty)
    Proc #18: adj=bak+1/B  trm= 0 671:com.huawei.android.hwpowermanager/u0a40 (bg-empty)
    Proc #17: adj=bak+1/B  trm= 0 1938:com.svox.pico/u0a67 (bg-empty)
    Proc #34: adj=bak+2/B  trm= 0 500:com.huawei.android.toolbox/1000 (bg-empty)
    Proc #32: adj=bak+2/B  trm= 0 1402:com.android.providers.calendar/u0a7 (bg-empty)
    Proc #28: adj=bak+2/B  trm= 0 1873:com.android.keychain/1000 (bg-empty)
    Proc #27: adj=bak+2/B  trm= 0 1818:com.android.gallery3d/u0a15 (bg-empty)
    Proc #25: adj=bak+2/B  trm= 0 1071:com.huawei.android.ds:pushservice/u0a27 (bg-empty)
    Proc #24: adj=bak+2/B  trm= 0 459:com.huawei.hiwiservice.android/u0a32 (bg-empty)
    Proc #39: adj=bak+3/B  trm= 0 519:com.huawei.android.wfdft/u0a51 (bg-empty)
    Proc #38: adj=bak+3/B  trm= 0 1644:com.huawei.braodcasttest/u0a77 (bg-empty)
    Proc #37: adj=bak+3/B  trm= 0 878:com.huawei.vsim/u0a78 (bg-empty)
    Proc #36: adj=bak+3/B  trm= 0 1660:com.android.huawei.projectmenu/1000 (bg-empty)
    Proc #35: adj=bak+3/B  trm= 0 1689:com.android.easou.search/u0a43 (bg-empty)

  mHomeProcess: ProcessRecord{41b1e940 656:com.huawei.android.launcher/u0a30}
  mPreviousProcess: null
  mConfiguration: {1.0 0mcc0mnc zh_CN sw360dp w360dp h615dp nrml long port finger -keyb/v/h -nav/h s.4}
